Information: Derived library resistance unit is 1.000000 Kohm (Time unit is 1 ns, and Capacitance unit is 1.000000 pF). (DES-028)


****************************************
Report : read_parasitics /storage/e19129/projects/neuromorphic/e17-4yp-Neuromorphic-NoC-Architecture-for-SNNs/code/power/power_v5/TZ_OUTDIR/mesh.gpd
Design : mesh
Version: W-2024.09-SP2
<<<<<<< HEAD
Date   : Fri Dec 12 00:04:31 2025
=======
Date   : Fri Dec 12 10:58:00 2025
>>>>>>> 5d68f3b5eb518e7d55f9edfe22c421c1fb28bb53
****************************************

        0 error(s)
        Format is GPD
<<<<<<< HEAD
        Annotated nets                   :       887249
        Annotated capacitances           :      4956080
        Annotated resistances            :      4068831
=======
        Annotated nets                   :      1724817
        Annotated capacitances           :      9108989
        Annotated resistances            :      7384172
>>>>>>> 5d68f3b5eb518e7d55f9edfe22c421c1fb28bb53
        Reduced coupling capacitances    :            0
        Annotated PI models              :            0
        Annotated Elmore delays          :            0


