


                               RTL Architect (TM)

               Version V-2023.12-SP5-3 for linux64 - Dec 17, 2024
                           Base build date 11/18/2024

                    Copyright (c) 1988 - 2024 Synopsys, Inc.
   This software and the associated documentation are proprietary to Synopsys,
 Inc. This software may only be used in accordance with the terms and conditions
 of a written license agreement with Synopsys, Inc. All other use, reproduction,
   or distribution of this software is strictly prohibited.  Licensed Products
     communicate with Synopsys servers for the purpose of providing software
    updates, detecting software piracy and verifying that customers are using
    Licensed Products in conformity with the applicable License Key for such
  Licensed Products. Synopsys will use information gathered in connection with
    this process to deliver software updates and pursue software pirates and
                                   infringers.

 Inclusivity & Diversity - Visit SolvNetPlus to read the "Synopsys Statement on
            Inclusivity and Diversity" (Refer to article 000036315 at
                        https://solvnetplus.synopsys.com)
 
set_current_mismatch_config auto_fix
1
set_attribute [get_mismatch_types missing_logical_reference] current_repair(auto_fix) create_blackbox
Warning: Changing current repair(handler) for a mismatch type in between a flow is not recommended. (DMM-011)
{missing_logical_reference}
set_host_options -max_cores 8
1
set_app_options -list { plan.macro.allow_unmapped_design true}
plan.macro.allow_unmapped_design true
set search_path "* /tech/45nm/libs/NangateOpenCellLibrary.ndm ../../accelerator/mesh ../../accelerator/cpu_core/fpu ../../accelerator/cpu_core ../../accelerator/network_interface"
* /tech/45nm/libs/NangateOpenCellLibrary.ndm ../../accelerator/mesh ../../accelerator/cpu_core/fpu ../../accelerator/cpu_core ../../accelerator/network_interface
create_lib LIB -ref_libs "NangateOpenCellLibrary" -technology /tech/45nm/cltrls/saed32nm_1p9m_mw.tf
Information: The command 'create_lib' cleared the undo history. (UNDO-016)
Information: Loading technology file '/tech/45nm/cltrls/saed32nm_1p9m_mw.tf' (FILE-007)
Information: The fusion_lib NangateOpenCellLibrary needs a refresh. 8 file(s) have modified timestamps. (FLIB-11)
{LIB}
analyze -f sv -vcs "-f src.f "
Information: By default, the HDL template library is 'WORK' (LBR-??).
Running PRESTO HDLC
Parsing vcs commands file -f src.f 
Error: File '"../../accelerator/cpu_core/fpu/Priority' cannot be found using search_path of: '* /tech/45nm/libs/NangateOpenCellLibrary.ndm ../../accelerator/mesh ../../accelerator/cpu_core/fpu ../../accelerator/cpu_core ../../accelerator/network_interface'. (FILE-002)
Error: File 'Encoder.v"' cannot be found using search_path of: '* /tech/45nm/libs/NangateOpenCellLibrary.ndm ../../accelerator/mesh ../../accelerator/cpu_core/fpu ../../accelerator/cpu_core ../../accelerator/network_interface'. (FILE-002)
Compiling source file ../../accelerator/cpu_core/fpu/Addition-Subtraction.v
Opening include file ../../accelerator/cpu_core/fpu/Priority Encoder.v
Warning:  ../../accelerator/cpu_core/fpu/Addition-Subtraction.v:43: the undeclared symbol 'exp_a' assumed to have the default net type, which is 'wire'. (VER-936)
Warning:  ../../accelerator/cpu_core/fpu/Addition-Subtraction.v:44: the undeclared symbol 'exp_b' assumed to have the default net type, which is 'wire'. (VER-936)
Warning:  ../../accelerator/cpu_core/fpu/Addition-Subtraction.v:67: the undeclared symbol 'perform' assumed to have the default net type, which is 'wire'. (VER-936)
Compiling source file ../../accelerator/cpu_core/fpu/Multiplication.v
Compiling source file ../../accelerator/cpu_core/fpu/Iteration.v
Compiling source file ../../accelerator/cpu_core/fpu/Division.v
Opening include file ../../accelerator/cpu_core/fpu/Iteration.v
Warning:  ../../accelerator/cpu_core/fpu/Iteration.v:10: Overwriting existing design element 'Iteration' with newer version. (VER-64)
Compiling source file ../../accelerator/cpu_core/fpu/Converter.v
Compiling source file ../../accelerator/cpu_core/fpu/Comparison.v
Compiling source file ../../accelerator/cpu_core/fpu/fpu.v
Opening include file ../../accelerator/cpu_core/fpu/Addition-Subtraction.v
Opening include file ../../accelerator/cpu_core/fpu/Priority Encoder.v
Warning:  ../../accelerator/cpu_core/fpu/Priority Encoder.v:10: Overwriting existing design element 'priority_encoder' with newer version. (VER-64)
Warning:  ../../accelerator/cpu_core/fpu/Addition-Subtraction.v:12: Overwriting existing design element 'Addition_Subtraction' with newer version. (VER-64)
Warning:  ../../accelerator/cpu_core/fpu/Addition-Subtraction.v:43: the undeclared symbol 'exp_a' assumed to have the default net type, which is 'wire'. (VER-936)
Warning:  ../../accelerator/cpu_core/fpu/Addition-Subtraction.v:44: the undeclared symbol 'exp_b' assumed to have the default net type, which is 'wire'. (VER-936)
Warning:  ../../accelerator/cpu_core/fpu/Addition-Subtraction.v:67: the undeclared symbol 'perform' assumed to have the default net type, which is 'wire'. (VER-936)
Opening include file ../../accelerator/cpu_core/fpu/Multiplication.v
Warning:  ../../accelerator/cpu_core/fpu/Multiplication.v:10: Overwriting existing design element 'Multiplication' with newer version. (VER-64)
Opening include file ../../accelerator/cpu_core/fpu/Division.v
Opening include file ../../accelerator/cpu_core/fpu/Iteration.v
Warning:  ../../accelerator/cpu_core/fpu/Iteration.v:10: Overwriting existing design element 'Iteration' with newer version. (VER-64)
Warning:  ../../accelerator/cpu_core/fpu/Division.v:12: Overwriting existing design element 'Division' with newer version. (VER-64)
Opening include file ../../accelerator/cpu_core/fpu/Comparison.v
Warning:  ../../accelerator/cpu_core/fpu/Comparison.v:9: Overwriting existing design element 'Comparison' with newer version. (VER-64)
Opening include file ../../accelerator/cpu_core/fpu/Converter.v
Warning:  ../../accelerator/cpu_core/fpu/Converter.v:10: Overwriting existing design element 'Floating_Point_to_Integer' with newer version. (VER-64)
Compiling source file ../../accelerator/cpu_core/support_modules/mux_2to1_32bit.v
Compiling source file ../../accelerator/cpu_core/support_modules/mux_2to1_3bit.v
Compiling source file ../../accelerator/cpu_core/support_modules/mux_4to1_32bit.v
Compiling source file ../../accelerator/cpu_core/support_modules/plus_4_adder.v
Warning:  ../../accelerator/cpu_core/support_modules/plus_4_adder.v:8: delays for continuous assignment are ignored. (VER-173)
Compiling source file ../../accelerator/cpu_core/pipeline_registers/pr_if_id.v
Compiling source file ../../accelerator/cpu_core/pipeline_registers/pr_id_ex.v
Warning:  ../../accelerator/cpu_core/pipeline_registers/pr_if_id.v:17: Intraassignment delays for nonblocking assignments are ignored. (VER-130)
Warning:  ../../accelerator/cpu_core/pipeline_registers/pr_if_id.v:18: Intraassignment delays for nonblocking assignments are ignored. (VER-130)
Warning:  ../../accelerator/cpu_core/pipeline_registers/pr_if_id.v:22: Intraassignment delays for nonblocking assignments are ignored. (VER-130)
Warning:  ../../accelerator/cpu_core/pipeline_registers/pr_if_id.v:23: Intraassignment delays for nonblocking assignments are ignored. (VER-130)
Compiling source file ../../accelerator/cpu_core/pipeline_registers/pr_ex_mem.v
Warning:  ../../accelerator/cpu_core/pipeline_registers/pr_id_ex.v:51: Intraassignment delays for nonblocking assignments are ignored. (VER-130)
Warning:  ../../accelerator/cpu_core/pipeline_registers/pr_id_ex.v:52: Intraassignment delays for nonblocking assignments are ignored. (VER-130)
Warning:  ../../accelerator/cpu_core/pipeline_registers/pr_id_ex.v:53: Intraassignment delays for nonblocking assignments are ignored. (VER-130)
Warning:  ../../accelerator/cpu_core/pipeline_registers/pr_id_ex.v:54: Intraassignment delays for nonblocking assignments are ignored. (VER-130)
Warning:  ../../accelerator/cpu_core/pipeline_registers/pr_id_ex.v:55: Intraassignment delays for nonblocking assignments are ignored. (VER-130)
Warning:  ../../accelerator/cpu_core/pipeline_registers/pr_id_ex.v:56: Intraassignment delays for nonblocking assignments are ignored. (VER-130)
Warning:  ../../accelerator/cpu_core/pipeline_registers/pr_id_ex.v:57: Intraassignment delays for nonblocking assignments are ignored. (VER-130)
Warning:  ../../accelerator/cpu_core/pipeline_registers/pr_id_ex.v:58: Intraassignment delays for nonblocking assignments are ignored. (VER-130)
Warning:  ../../accelerator/cpu_core/pipeline_registers/pr_id_ex.v:59: Intraassignment delays for nonblocking assignments are ignored. (VER-130)
Warning:  ../../accelerator/cpu_core/pipeline_registers/pr_id_ex.v:60: Intraassignment delays for nonblocking assignments are ignored. (VER-130)
Warning:  ../../accelerator/cpu_core/pipeline_registers/pr_id_ex.v:61: Intraassignment delays for nonblocking assignments are ignored. (VER-130)
Warning:  ../../accelerator/cpu_core/pipeline_registers/pr_id_ex.v:62: Intraassignment delays for nonblocking assignments are ignored. (VER-130)
Warning:  ../../accelerator/cpu_core/pipeline_registers/pr_id_ex.v:63: Intraassignment delays for nonblocking assignments are ignored. (VER-130)
Warning:  ../../accelerator/cpu_core/pipeline_registers/pr_id_ex.v:64: Intraassignment delays for nonblocking assignments are ignored. (VER-130)
Warning:  ../../accelerator/cpu_core/pipeline_registers/pr_id_ex.v:65: Intraassignment delays for nonblocking assignments are ignored. (VER-130)
Warning:  ../../accelerator/cpu_core/pipeline_registers/pr_id_ex.v:66: Intraassignment delays for nonblocking assignments are ignored. (VER-130)
Warning:  ../../accelerator/cpu_core/pipeline_registers/pr_id_ex.v:67: Intraassignment delays for nonblocking assignments are ignored. (VER-130)
Warning:  ../../accelerator/cpu_core/pipeline_registers/pr_id_ex.v:68: Intraassignment delays for nonblocking assignments are ignored. (VER-130)
Warning:  ../../accelerator/cpu_core/pipeline_registers/pr_id_ex.v:69: Intraassignment delays for nonblocking assignments are ignored. (VER-130)
Warning:  ../../accelerator/cpu_core/pipeline_registers/pr_id_ex.v:70: Intraassignment delays for nonblocking assignments are ignored. (VER-130)
Warning:  ../../accelerator/cpu_core/pipeline_registers/pr_id_ex.v:71: Intraassignment delays for nonblocking assignments are ignored. (VER-130)
Warning:  ../../accelerator/cpu_core/pipeline_registers/pr_id_ex.v:72: Intraassignment delays for nonblocking assignments are ignored. (VER-130)
Warning:  ../../accelerator/cpu_core/pipeline_registers/pr_id_ex.v:73: Intraassignment delays for nonblocking assignments are ignored. (VER-130)
Warning:  ../../accelerator/cpu_core/pipeline_registers/pr_id_ex.v:74: Intraassignment delays for nonblocking assignments are ignored. (VER-130)
Warning:  ../../accelerator/cpu_core/pipeline_registers/pr_id_ex.v:75: Intraassignment delays for nonblocking assignments are ignored. (VER-130)
Warning:  ../../accelerator/cpu_core/pipeline_registers/pr_id_ex.v:79: Intraassignment delays for nonblocking assignments are ignored. (VER-130)
Warning:  ../../accelerator/cpu_core/pipeline_registers/pr_id_ex.v:80: Intraassignment delays for nonblocking assignments are ignored. (VER-130)
Warning:  ../../accelerator/cpu_core/pipeline_registers/pr_id_ex.v:81: Intraassignment delays for nonblocking assignments are ignored. (VER-130)
Warning:  ../../accelerator/cpu_core/pipeline_registers/pr_id_ex.v:82: Intraassignment delays for nonblocking assignments are ignored. (VER-130)
Warning:  ../../accelerator/cpu_core/pipeline_registers/pr_id_ex.v:83: Intraassignment delays for nonblocking assignments are ignored. (VER-130)
Warning:  ../../accelerator/cpu_core/pipeline_registers/pr_id_ex.v:84: Intraassignment delays for nonblocking assignments are ignored. (VER-130)
Warning:  ../../accelerator/cpu_core/pipeline_registers/pr_id_ex.v:85: Intraassignment delays for nonblocking assignments are ignored. (VER-130)
Warning:  ../../accelerator/cpu_core/pipeline_registers/pr_id_ex.v:86: Intraassignment delays for nonblocking assignments are ignored. (VER-130)
Warning:  ../../accelerator/cpu_core/pipeline_registers/pr_id_ex.v:87: Intraassignment delays for nonblocking assignments are ignored. (VER-130)
Warning:  ../../accelerator/cpu_core/pipeline_registers/pr_id_ex.v:88: Intraassignment delays for nonblocking assignments are ignored. (VER-130)
Warning:  ../../accelerator/cpu_core/pipeline_registers/pr_id_ex.v:89: Intraassignment delays for nonblocking assignments are ignored. (VER-130)
Warning:  ../../accelerator/cpu_core/pipeline_registers/pr_id_ex.v:90: Intraassignment delays for nonblocking assignments are ignored. (VER-130)
Warning:  ../../accelerator/cpu_core/pipeline_registers/pr_id_ex.v:91: Intraassignment delays for nonblocking assignments are ignored. (VER-130)
Warning:  ../../accelerator/cpu_core/pipeline_registers/pr_id_ex.v:92: Intraassignment delays for nonblocking assignments are ignored. (VER-130)
Warning:  ../../accelerator/cpu_core/pipeline_registers/pr_id_ex.v:93: Intraassignment delays for nonblocking assignments are ignored. (VER-130)
Warning:  ../../accelerator/cpu_core/pipeline_registers/pr_id_ex.v:94: Intraassignment delays for nonblocking assignments are ignored. (VER-130)
Warning:  ../../accelerator/cpu_core/pipeline_registers/pr_id_ex.v:95: Intraassignment delays for nonblocking assignments are ignored. (VER-130)
Warning:  ../../accelerator/cpu_core/pipeline_registers/pr_id_ex.v:96: Intraassignment delays for nonblocking assignments are ignored. (VER-130)
Warning:  ../../accelerator/cpu_core/pipeline_registers/pr_id_ex.v:97: Intraassignment delays for nonblocking assignments are ignored. (VER-130)
Warning:  ../../accelerator/cpu_core/pipeline_registers/pr_id_ex.v:98: Intraassignment delays for nonblocking assignments are ignored. (VER-130)
Warning:  ../../accelerator/cpu_core/pipeline_registers/pr_id_ex.v:99: Intraassignment delays for nonblocking assignments are ignored. (VER-130)
Warning:  ../../accelerator/cpu_core/pipeline_registers/pr_id_ex.v:100: Intraassignment delays for nonblocking assignments are ignored. (VER-130)
Warning:  ../../accelerator/cpu_core/pipeline_registers/pr_id_ex.v:101: Intraassignment delays for nonblocking assignments are ignored. (VER-130)
Warning:  ../../accelerator/cpu_core/pipeline_registers/pr_id_ex.v:102: Intraassignment delays for nonblocking assignments are ignored. (VER-130)
Warning:  ../../accelerator/cpu_core/pipeline_registers/pr_id_ex.v:103: Intraassignment delays for nonblocking assignments are ignored. (VER-130)
Compiling source file ../../accelerator/cpu_core/pipeline_registers/pr_mem_wb.v
Warning:  ../../accelerator/cpu_core/pipeline_registers/pr_ex_mem.v:41: Intraassignment delays for nonblocking assignments are ignored. (VER-130)
Warning:  ../../accelerator/cpu_core/pipeline_registers/pr_ex_mem.v:42: Intraassignment delays for nonblocking assignments are ignored. (VER-130)
Warning:  ../../accelerator/cpu_core/pipeline_registers/pr_ex_mem.v:43: Intraassignment delays for nonblocking assignments are ignored. (VER-130)
Warning:  ../../accelerator/cpu_core/pipeline_registers/pr_ex_mem.v:44: Intraassignment delays for nonblocking assignments are ignored. (VER-130)
Warning:  ../../accelerator/cpu_core/pipeline_registers/pr_ex_mem.v:45: Intraassignment delays for nonblocking assignments are ignored. (VER-130)
Warning:  ../../accelerator/cpu_core/pipeline_registers/pr_ex_mem.v:46: Intraassignment delays for nonblocking assignments are ignored. (VER-130)
Warning:  ../../accelerator/cpu_core/pipeline_registers/pr_ex_mem.v:47: Intraassignment delays for nonblocking assignments are ignored. (VER-130)
Warning:  ../../accelerator/cpu_core/pipeline_registers/pr_ex_mem.v:48: Intraassignment delays for nonblocking assignments are ignored. (VER-130)
Warning:  ../../accelerator/cpu_core/pipeline_registers/pr_ex_mem.v:49: Intraassignment delays for nonblocking assignments are ignored. (VER-130)
Warning:  ../../accelerator/cpu_core/pipeline_registers/pr_ex_mem.v:50: Intraassignment delays for nonblocking assignments are ignored. (VER-130)
Warning:  ../../accelerator/cpu_core/pipeline_registers/pr_ex_mem.v:51: Intraassignment delays for nonblocking assignments are ignored. (VER-130)
Warning:  ../../accelerator/cpu_core/pipeline_registers/pr_ex_mem.v:52: Intraassignment delays for nonblocking assignments are ignored. (VER-130)
Warning:  ../../accelerator/cpu_core/pipeline_registers/pr_ex_mem.v:53: Intraassignment delays for nonblocking assignments are ignored. (VER-130)
Warning:  ../../accelerator/cpu_core/pipeline_registers/pr_ex_mem.v:54: Intraassignment delays for nonblocking assignments are ignored. (VER-130)
Warning:  ../../accelerator/cpu_core/pipeline_registers/pr_ex_mem.v:55: Intraassignment delays for nonblocking assignments are ignored. (VER-130)
Warning:  ../../accelerator/cpu_core/pipeline_registers/pr_ex_mem.v:56: Intraassignment delays for nonblocking assignments are ignored. (VER-130)
Warning:  ../../accelerator/cpu_core/pipeline_registers/pr_ex_mem.v:60: Intraassignment delays for nonblocking assignments are ignored. (VER-130)
Warning:  ../../accelerator/cpu_core/pipeline_registers/pr_ex_mem.v:61: Intraassignment delays for nonblocking assignments are ignored. (VER-130)
Warning:  ../../accelerator/cpu_core/pipeline_registers/pr_ex_mem.v:62: Intraassignment delays for nonblocking assignments are ignored. (VER-130)
Warning:  ../../accelerator/cpu_core/pipeline_registers/pr_ex_mem.v:63: Intraassignment delays for nonblocking assignments are ignored. (VER-130)
Warning:  ../../accelerator/cpu_core/pipeline_registers/pr_ex_mem.v:64: Intraassignment delays for nonblocking assignments are ignored. (VER-130)
Warning:  ../../accelerator/cpu_core/pipeline_registers/pr_ex_mem.v:65: Intraassignment delays for nonblocking assignments are ignored. (VER-130)
Warning:  ../../accelerator/cpu_core/pipeline_registers/pr_ex_mem.v:66: Intraassignment delays for nonblocking assignments are ignored. (VER-130)
Warning:  ../../accelerator/cpu_core/pipeline_registers/pr_ex_mem.v:67: Intraassignment delays for nonblocking assignments are ignored. (VER-130)
Warning:  ../../accelerator/cpu_core/pipeline_registers/pr_ex_mem.v:68: Intraassignment delays for nonblocking assignments are ignored. (VER-130)
Warning:  ../../accelerator/cpu_core/pipeline_registers/pr_ex_mem.v:69: Intraassignment delays for nonblocking assignments are ignored. (VER-130)
Warning:  ../../accelerator/cpu_core/pipeline_registers/pr_ex_mem.v:70: Intraassignment delays for nonblocking assignments are ignored. (VER-130)
Warning:  ../../accelerator/cpu_core/pipeline_registers/pr_ex_mem.v:71: Intraassignment delays for nonblocking assignments are ignored. (VER-130)
Warning:  ../../accelerator/cpu_core/pipeline_registers/pr_ex_mem.v:72: Intraassignment delays for nonblocking assignments are ignored. (VER-130)
Warning:  ../../accelerator/cpu_core/pipeline_registers/pr_ex_mem.v:73: Intraassignment delays for nonblocking assignments are ignored. (VER-130)
Warning:  ../../accelerator/cpu_core/pipeline_registers/pr_ex_mem.v:74: Intraassignment delays for nonblocking assignments are ignored. (VER-130)
Warning:  ../../accelerator/cpu_core/pipeline_registers/pr_ex_mem.v:75: Intraassignment delays for nonblocking assignments are ignored. (VER-130)
Compiling source file ../../accelerator/cpu_core/alu/alu.v
Warning:  ../../accelerator/cpu_core/pipeline_registers/pr_mem_wb.v:35: Intraassignment delays for nonblocking assignments are ignored. (VER-130)
Warning:  ../../accelerator/cpu_core/pipeline_registers/pr_mem_wb.v:36: Intraassignment delays for nonblocking assignments are ignored. (VER-130)
Warning:  ../../accelerator/cpu_core/pipeline_registers/pr_mem_wb.v:37: Intraassignment delays for nonblocking assignments are ignored. (VER-130)
Warning:  ../../accelerator/cpu_core/pipeline_registers/pr_mem_wb.v:38: Intraassignment delays for nonblocking assignments are ignored. (VER-130)
Warning:  ../../accelerator/cpu_core/pipeline_registers/pr_mem_wb.v:39: Intraassignment delays for nonblocking assignments are ignored. (VER-130)
Warning:  ../../accelerator/cpu_core/pipeline_registers/pr_mem_wb.v:40: Intraassignment delays for nonblocking assignments are ignored. (VER-130)
Warning:  ../../accelerator/cpu_core/pipeline_registers/pr_mem_wb.v:41: Intraassignment delays for nonblocking assignments are ignored. (VER-130)
Warning:  ../../accelerator/cpu_core/pipeline_registers/pr_mem_wb.v:42: Intraassignment delays for nonblocking assignments are ignored. (VER-130)
Warning:  ../../accelerator/cpu_core/pipeline_registers/pr_mem_wb.v:43: Intraassignment delays for nonblocking assignments are ignored. (VER-130)
Warning:  ../../accelerator/cpu_core/pipeline_registers/pr_mem_wb.v:47: Intraassignment delays for nonblocking assignments are ignored. (VER-130)
Warning:  ../../accelerator/cpu_core/pipeline_registers/pr_mem_wb.v:48: Intraassignment delays for nonblocking assignments are ignored. (VER-130)
Warning:  ../../accelerator/cpu_core/pipeline_registers/pr_mem_wb.v:49: Intraassignment delays for nonblocking assignments are ignored. (VER-130)
Warning:  ../../accelerator/cpu_core/pipeline_registers/pr_mem_wb.v:50: Intraassignment delays for nonblocking assignments are ignored. (VER-130)
Warning:  ../../accelerator/cpu_core/pipeline_registers/pr_mem_wb.v:51: Intraassignment delays for nonblocking assignments are ignored. (VER-130)
Warning:  ../../accelerator/cpu_core/pipeline_registers/pr_mem_wb.v:52: Intraassignment delays for nonblocking assignments are ignored. (VER-130)
Warning:  ../../accelerator/cpu_core/pipeline_registers/pr_mem_wb.v:53: Intraassignment delays for nonblocking assignments are ignored. (VER-130)
Warning:  ../../accelerator/cpu_core/pipeline_registers/pr_mem_wb.v:54: Intraassignment delays for nonblocking assignments are ignored. (VER-130)
Warning:  ../../accelerator/cpu_core/pipeline_registers/pr_mem_wb.v:55: Intraassignment delays for nonblocking assignments are ignored. (VER-130)
Warning:  ../../accelerator/cpu_core/alu/alu.v:47: delays for continuous assignment are ignored. (VER-173)
Warning:  ../../accelerator/cpu_core/alu/alu.v:48: delays for continuous assignment are ignored. (VER-173)
Warning:  ../../accelerator/cpu_core/alu/alu.v:49: delays for continuous assignment are ignored. (VER-173)
Warning:  ../../accelerator/cpu_core/alu/alu.v:50: delays for continuous assignment are ignored. (VER-173)
Warning:  ../../accelerator/cpu_core/alu/alu.v:51: delays for continuous assignment are ignored. (VER-173)
Warning:  ../../accelerator/cpu_core/alu/alu.v:54: delays for continuous assignment are ignored. (VER-173)
Warning:  ../../accelerator/cpu_core/alu/alu.v:55: delays for continuous assignment are ignored. (VER-173)
Warning:  ../../accelerator/cpu_core/alu/alu.v:58: delays for continuous assignment are ignored. (VER-173)
Warning:  ../../accelerator/cpu_core/alu/alu.v:61: delays for continuous assignment are ignored. (VER-173)
Warning:  ../../accelerator/cpu_core/alu/alu.v:62: delays for continuous assignment are ignored. (VER-173)
Warning:  ../../accelerator/cpu_core/alu/alu.v:65: delays for continuous assignment are ignored. (VER-173)
Warning:  ../../accelerator/cpu_core/alu/alu.v:68: delays for continuous assignment are ignored. (VER-173)
Warning:  ../../accelerator/cpu_core/alu/alu.v:90: delays for continuous assignment are ignored. (VER-173)
Warning:  ../../accelerator/cpu_core/alu/alu.v:94: delays for continuous assignment are ignored. (VER-173)
Warning:  ../../accelerator/cpu_core/alu/alu.v:95: delays for continuous assignment are ignored. (VER-173)
Warning:  ../../accelerator/cpu_core/alu/alu.v:98: delays for continuous assignment are ignored. (VER-173)
Warning:  ../../accelerator/cpu_core/alu/alu.v:99: delays for continuous assignment are ignored. (VER-173)
Compiling source file ../../accelerator/cpu_core/branch_control_unit/branch_control_unit.v
Warning:  ../../accelerator/cpu_core/alu/alu.v:74: delay controls are ignored for synthesis. (VER-176)
Compiling source file ../../accelerator/cpu_core/control_unit/control_unit.v
Opening include file ../../accelerator/cpu_core/fpu/../support_modules/mux_2to1_3bit.v
Warning:  ../../accelerator/cpu_core/branch_control_unit/branch_control_unit.v:22: delay controls are ignored for synthesis. (VER-176)
Warning:  ../../accelerator/cpu_core/fpu/../support_modules/mux_2to1_3bit.v:3: Overwriting existing design element 'mux_2to1_3bit' with newer version. (VER-64)
Warning:  ../../accelerator/cpu_core/control_unit/control_unit.v:59: delays for continuous assignment are ignored. (VER-173)
Warning:  ../../accelerator/cpu_core/control_unit/control_unit.v:66: delays for continuous assignment are ignored. (VER-173)
Warning:  ../../accelerator/cpu_core/control_unit/control_unit.v:67: delays for continuous assignment are ignored. (VER-173)
Warning:  ../../accelerator/cpu_core/control_unit/control_unit.v:76: delays for continuous assignment are ignored. (VER-173)
Warning:  ../../accelerator/cpu_core/control_unit/control_unit.v:81: delays for continuous assignment are ignored. (VER-173)
Warning:  ../../accelerator/cpu_core/control_unit/control_unit.v:108: delays for continuous assignment are ignored. (VER-173)
Warning:  ../../accelerator/cpu_core/control_unit/control_unit.v:123: delays for continuous assignment are ignored. (VER-173)
Warning:  ../../accelerator/cpu_core/control_unit/control_unit.v:141: delays for continuous assignment are ignored. (VER-173)
Warning:  ../../accelerator/cpu_core/control_unit/control_unit.v:152: delays for continuous assignment are ignored. (VER-173)
Warning:  ../../accelerator/cpu_core/control_unit/control_unit.v:159: delays for continuous assignment are ignored. (VER-173)
Warning:  ../../accelerator/cpu_core/control_unit/control_unit.v:160: delays for continuous assignment are ignored. (VER-173)
Warning:  ../../accelerator/cpu_core/control_unit/control_unit.v:164: delays for continuous assignment are ignored. (VER-173)
Warning:  ../../accelerator/cpu_core/control_unit/control_unit.v:171: delays for continuous assignment are ignored. (VER-173)
Warning:  ../../accelerator/cpu_core/control_unit/control_unit.v:172: delays for continuous assignment are ignored. (VER-173)
Warning:  ../../accelerator/cpu_core/control_unit/control_unit.v:179: delays for continuous assignment are ignored. (VER-173)
Warning:  ../../accelerator/cpu_core/control_unit/control_unit.v:184: delays for continuous assignment are ignored. (VER-173)
Warning:  ../../accelerator/cpu_core/control_unit/control_unit.v:201: delays for continuous assignment are ignored. (VER-173)
Warning:  ../../accelerator/cpu_core/control_unit/control_unit.v:208: delays for continuous assignment are ignored. (VER-173)
Warning:  ../../accelerator/cpu_core/control_unit/control_unit.v:222: delays for continuous assignment are ignored. (VER-173)
Warning:  ../../accelerator/cpu_core/control_unit/control_unit.v:236: delays for continuous assignment are ignored. (VER-173)
Compiling source file ../../accelerator/cpu_core/data_memory/data_memory.v
Compiling source file ../../accelerator/cpu_core/f_alu/f_alu.v
Compiling source file ../../accelerator/cpu_core/f_reg_file/f_reg_file.v
Warning:  ../../accelerator/cpu_core/f_reg_file/f_reg_file.v:14: delays for continuous assignment are ignored. (VER-173)
Warning:  ../../accelerator/cpu_core/f_reg_file/f_reg_file.v:15: delays for continuous assignment are ignored. (VER-173)
Warning:  ../../accelerator/cpu_core/f_reg_file/f_reg_file.v:16: delays for continuous assignment are ignored. (VER-173)
Compiling source file ../../accelerator/cpu_core/forwarding_units/ex_forward_unit.v
Warning:  ../../accelerator/cpu_core/f_reg_file/f_reg_file.v:26: Intraassignment delays for nonblocking assignments are ignored. (VER-130)
Warning:  ../../accelerator/cpu_core/f_reg_file/f_reg_file.v:33: Intraassignment delays for nonblocking assignments are ignored. (VER-130)
Compiling source file ../../accelerator/cpu_core/forwarding_units/mem_forward_unit.v
Compiling source file ../../accelerator/cpu_core/hazard_detection_unit/hazard_detection_unit.v
Compiling source file ../../accelerator/cpu_core/immediate_generation_unit/immediate_generation_unit.v
Compiling source file ../../accelerator/cpu_core/immediate_select_unit/immediate_select_unit.v
Compiling source file ../../accelerator/cpu_core/instruction_memory/instruction_memory.v
Compiling source file ../../accelerator/cpu_core/pipeline_flush_unit/pipeline_flush_unit.v
Compiling source file ../../accelerator/cpu_core/reg_file/reg_file.v
Warning:  ../../accelerator/cpu_core/reg_file/reg_file.v:14: delays for continuous assignment are ignored. (VER-173)
Warning:  ../../accelerator/cpu_core/reg_file/reg_file.v:15: delays for continuous assignment are ignored. (VER-173)
Compiling source file ../../accelerator/cpu_core/zicsr/zicsr.v
Warning:  ../../accelerator/cpu_core/reg_file/reg_file.v:25: Intraassignment delays for nonblocking assignments are ignored. (VER-130)
Warning:  ../../accelerator/cpu_core/reg_file/reg_file.v:32: Intraassignment delays for nonblocking assignments are ignored. (VER-130)
Opening include file ../../accelerator/cpu_core/zicsr/rv32i_header.vh
Warning:  ../../accelerator/cpu_core/zicsr/zicsr.v:99: The construct 'declaration initial assignment' is not supported in synthesis; it is ignored. (VER-708)
Compiling source file ../../accelerator/cpu_core/cpu/cpu.v
Opening include file ../../accelerator/mesh/../cpu_core/alu/alu.v
Warning:  ../../accelerator/mesh/../cpu_core/alu/alu.v:3: Overwriting existing design element 'alu' with newer version. (VER-64)
Warning:  ../../accelerator/mesh/../cpu_core/alu/alu.v:47: delays for continuous assignment are ignored. (VER-173)
Warning:  ../../accelerator/mesh/../cpu_core/alu/alu.v:48: delays for continuous assignment are ignored. (VER-173)
Warning:  ../../accelerator/mesh/../cpu_core/alu/alu.v:49: delays for continuous assignment are ignored. (VER-173)
Warning:  ../../accelerator/mesh/../cpu_core/alu/alu.v:50: delays for continuous assignment are ignored. (VER-173)
Warning:  ../../accelerator/mesh/../cpu_core/alu/alu.v:51: delays for continuous assignment are ignored. (VER-173)
Warning:  ../../accelerator/mesh/../cpu_core/alu/alu.v:54: delays for continuous assignment are ignored. (VER-173)
Warning:  ../../accelerator/mesh/../cpu_core/alu/alu.v:55: delays for continuous assignment are ignored. (VER-173)
Warning:  ../../accelerator/mesh/../cpu_core/alu/alu.v:58: delays for continuous assignment are ignored. (VER-173)
Warning:  ../../accelerator/mesh/../cpu_core/alu/alu.v:61: delays for continuous assignment are ignored. (VER-173)
Warning:  ../../accelerator/mesh/../cpu_core/alu/alu.v:62: delays for continuous assignment are ignored. (VER-173)
Warning:  ../../accelerator/mesh/../cpu_core/alu/alu.v:65: delays for continuous assignment are ignored. (VER-173)
Warning:  ../../accelerator/mesh/../cpu_core/alu/alu.v:68: delays for continuous assignment are ignored. (VER-173)
Warning:  ../../accelerator/mesh/../cpu_core/alu/alu.v:90: delays for continuous assignment are ignored. (VER-173)
Warning:  ../../accelerator/mesh/../cpu_core/alu/alu.v:94: delays for continuous assignment are ignored. (VER-173)
Warning:  ../../accelerator/mesh/../cpu_core/alu/alu.v:95: delays for continuous assignment are ignored. (VER-173)
Warning:  ../../accelerator/mesh/../cpu_core/alu/alu.v:98: delays for continuous assignment are ignored. (VER-173)
Warning:  ../../accelerator/mesh/../cpu_core/alu/alu.v:99: delays for continuous assignment are ignored. (VER-173)
Opening include file ../../accelerator/mesh/../cpu_core/fpu/fpu.v
Opening include file ../../accelerator/cpu_core/fpu/Addition-Subtraction.v
Opening include file ../../accelerator/cpu_core/fpu/Priority Encoder.v
Error:  ../../accelerator/mesh/../cpu_core/alu/alu.v:3: Implicit net declaration for 'DATA1' prohibited by '`default_nettype none' compiler directive. (VER-943)
Error:  ../../accelerator/mesh/../cpu_core/alu/alu.v:3: Implicit net declaration for 'DATA2' prohibited by '`default_nettype none' compiler directive. (VER-943)
Error:  ../../accelerator/mesh/../cpu_core/alu/alu.v:3: Implicit net declaration for 'SELECT' prohibited by '`default_nettype none' compiler directive. (VER-943)
Error:  Cannot recover from previous errors. (VER-518)
Error:  Too many errors; can't continue. (VER-40)
*** Presto compilation terminated with 4 errors. ***
Error:  Too many errors; can't continue. (VER-40)
Error: Presto analyze failed 
Elapsed = 00:00:00.11, CPU = 00:00:00.06
0
elaborate mesh
Error: In elaborate -hdl_library WORK: Module 'mesh' cannot be found for elaboration. (ELAB-357)
Elapsed = 00:00:00.06, CPU = 00:00:00.05
0
set_top_module mesh
Error: Current block is not defined. (DES-001)
Error: Current block is not defined. (DES-001)
Elapsed = 00:00:00.00, CPU = 00:00:00.00
Error: 0
      	Use error_info for more info. (CMD-013)
Information: script '/storage/e19129/projects/neuromorphic/e17-4yp-Neuromorphic-NoC-Architecture-for-SNNs/code/power/power_v2/rtla.tcl'
            	stopped at line 10 due to error. (CMD-081)
Extended error info:
0
    while executing
"set_top_module mesh"
    (file "/storage/e19129/projects/neuromorphic/e17-4yp-Neuromorphic-NoC-Architecture-for-SNNs/code/power/power_v2/rtla.tcl" line 10)
 -- End Extended Error Info
rtl_shell> 