


                               RTL Architect (TM)

               Version V-2023.12-SP5-3 for linux64 - Dec 17, 2024
                           Base build date 11/18/2024

                    Copyright (c) 1988 - 2024 Synopsys, Inc.
   This software and the associated documentation are proprietary to Synopsys,
 Inc. This software may only be used in accordance with the terms and conditions
 of a written license agreement with Synopsys, Inc. All other use, reproduction,
   or distribution of this software is strictly prohibited.  Licensed Products
     communicate with Synopsys servers for the purpose of providing software
    updates, detecting software piracy and verifying that customers are using
    Licensed Products in conformity with the applicable License Key for such
  Licensed Products. Synopsys will use information gathered in connection with
    this process to deliver software updates and pursue software pirates and
                                   infringers.

 Inclusivity & Diversity - Visit SolvNetPlus to read the "Synopsys Statement on
            Inclusivity and Diversity" (Refer to article 000036315 at
                        https://solvnetplus.synopsys.com)
 
#!/bin/tcsh -f
# =============================================================================
# System Top with RISC-V CPUs RTL Analysis and Synthesis Script for 45nm CMOS
# =============================================================================
# Description: This script performs RTL analysis, synthesis, and power 
#              analysis for the complete System Top design with integrated
#              RV32IMF RISC-V processors (2x2 Mesh NoC with CPUs and Neuron Banks)
#              using 45nm CMOS technology
# Author: Neuromorphic Accelerator Team
# Technology: 45nm CMOS Process
# =============================================================================
# Load shared configuration
source config.tcl
Loading shared configuration...
Error: wrong # args: should be "set varName ?newValue?"
      	Use error_info for more info. (CMD-013)
Information: script '/storage/e19129/projects/neuromorphic/e17-4yp-Neuromorphic-NoC-Architecture-for-SNNs/code/power/config.tcl'
            	stopped at line 48 due to error. (CMD-081)
Extended error info:
wrong # args: should be "set varName ?newValue?"
    while executing
"set FILELIST "system_top_with_cpu_src.f"      # Complete design with RV32IMF CPUs (12/14 tests passing - 85%)"
    (file "/storage/e19129/projects/neuromorphic/e17-4yp-Neuromorphic-NoC-Architecture-for-SNNs/code/power/config.tcl" line 48)
 -- End Extended Error Info
Information: script '/storage/e19129/projects/neuromorphic/e17-4yp-Neuromorphic-NoC-Architecture-for-SNNs/code/power/rtla.tcl'
            	stopped at line 14 due to error. (CMD-081)
Extended error info:
wrong # args: should be "set varName ?newValue?"
    while executing
"set FILELIST "system_top_with_cpu_src.f"      # Complete design with RV32IMF CPUs (12/14 tests passing - 85%)"
    (file "/storage/e19129/projects/neuromorphic/e17-4yp-Neuromorphic-NoC-Architecture-for-SNNs/code/power/config.tcl" line 48)
    invoked from within
"source config.tcl"
    (file "/storage/e19129/projects/neuromorphic/e17-4yp-Neuromorphic-NoC-Architecture-for-SNNs/code/power/rtla.tcl" line 14)
 -- End Extended Error Info
rtl_shell> exit
Maximum memory usage for this session: 345.78 MB
CPU usage for this session:      7 seconds (  0.00 hours)
Elapsed time for this session:     46 seconds (  0.01 hours)
Thank you for using RTL Architect.
