


                               RTL Architect (TM)

               Version V-2023.12-SP5-3 for linux64 - Dec 17, 2024
                           Base build date 11/18/2024

                    Copyright (c) 1988 - 2024 Synopsys, Inc.
   This software and the associated documentation are proprietary to Synopsys,
 Inc. This software may only be used in accordance with the terms and conditions
 of a written license agreement with Synopsys, Inc. All other use, reproduction,
   or distribution of this software is strictly prohibited.  Licensed Products
     communicate with Synopsys servers for the purpose of providing software
    updates, detecting software piracy and verifying that customers are using
    Licensed Products in conformity with the applicable License Key for such
  Licensed Products. Synopsys will use information gathered in connection with
    this process to deliver software updates and pursue software pirates and
                                   infringers.

 Inclusivity & Diversity - Visit SolvNetPlus to read the "Synopsys Statement on
            Inclusivity and Diversity" (Refer to article 000036315 at
                        https://solvnetplus.synopsys.com)
 
#!/bin/tcsh -f
# =============================================================================
# RISC-V CPU RTL Analysis and Synthesis Script for SKY130
# =============================================================================
# Description: This script performs RTL analysis, synthesis, and power 
#              analysis for the RISC-V CPU using SKY130 technology
# Author: CO502 Group 1
# Technology: SKY130 130nm Process
# =============================================================================
# Load shared configuration
source config.tcl
Loading shared configuration...
Using environment TEMP_RESULTS_DIR: temp_results_20251207_085632
Configuration loaded successfully
  Design: mesh
  Technology: SKY130 130nm
  Cores: 8
  Results directory: temp_results_20251207_085632
# -----------------------------------------------------------------------------
# Configuration and Setup
# -----------------------------------------------------------------------------
puts "========== Starting RTL Analysis and Synthesis =========="
========== Starting RTL Analysis and Synthesis ==========
puts "Technology: SKY130 130nm"
Technology: SKY130 130nm
puts "Design: RISC-V CPU Pipeline"
Design: RISC-V CPU Pipeline
# Configure mismatch handling
set_current_mismatch_config auto_fix 
1
set_attribute [get_mismatch_types missing_logical_reference] current_repair(auto_fix) create_blackbox
Warning: Changing current repair(handler) for a mismatch type in between a flow is not recommended. (DMM-011)
{missing_logical_reference}
# Set host options for parallel processing
set_host_options -max_cores $CORES
1
puts "Using $CORES cores for parallel processing"
Using 8 cores for parallel processing
# Application options
set_app_options -list {plan.macro.allow_unmapped_design true}
plan.macro.allow_unmapped_design true
# -----------------------------------------------------------------------------
# Library Setup
# -----------------------------------------------------------------------------
puts "========== Setting up SKY130 Libraries =========="
========== Setting up SKY130 Libraries ==========
# Search paths for libraries and source files
set search_path $SEARCH_PATHS
* ./ ../../accelerator/mesh ../../accelerator/cpu_core/cpu /tech/sky130/libs/sky130_library/ndm
# Create design library with SKY130 reference libraries
create_lib $LIB_NAME \
    -ref_libs "$REF_LIBS" \
    -technology $TECH_TF
Information: The command 'create_lib' cleared the undo history. (UNDO-016)
Warning: sky130_fd_sc_hd.tf line 26, unsupported syntax 'fatWireViaKeepoutMode' in 'Technology' section. It will be ignored. (TECH-002)
Warning: Section DesignRule '' is missing the attribute 'stackable'. (sky130_fd_sc_hd.tf line 846) (TECH-026)
Warning: Layer 'via4/met4' is missing the attribute 'maxStackLevel'. (sky130_fd_sc_hd.tf line 846) (TECH-026)
Warning: Section DesignRule '' is missing the attribute 'stackable'. (sky130_fd_sc_hd.tf line 854) (TECH-026)
Warning: Layer 'via4/met5' is missing the attribute 'maxStackLevel'. (sky130_fd_sc_hd.tf line 854) (TECH-026)
Warning: Section DesignRule '' is missing the attribute 'stackable'. (sky130_fd_sc_hd.tf line 862) (TECH-026)
Warning: Layer 'via3/met3' is missing the attribute 'maxStackLevel'. (sky130_fd_sc_hd.tf line 862) (TECH-026)
Warning: Section DesignRule '' is missing the attribute 'stackable'. (sky130_fd_sc_hd.tf line 870) (TECH-026)
Warning: Layer 'via3/met4' is missing the attribute 'maxStackLevel'. (sky130_fd_sc_hd.tf line 870) (TECH-026)
Warning: Section DesignRule '' is missing the attribute 'stackable'. (sky130_fd_sc_hd.tf line 878) (TECH-026)
Warning: Layer 'via2/met2' is missing the attribute 'maxStackLevel'. (sky130_fd_sc_hd.tf line 878) (TECH-026)
Warning: Section DesignRule '' is missing the attribute 'stackable'. (sky130_fd_sc_hd.tf line 886) (TECH-026)
Warning: Layer 'via2/met3' is missing the attribute 'maxStackLevel'. (sky130_fd_sc_hd.tf line 886) (TECH-026)
Warning: Section DesignRule '' is missing the attribute 'stackable'. (sky130_fd_sc_hd.tf line 894) (TECH-026)
Warning: Layer 'via/met1' is missing the attribute 'maxStackLevel'. (sky130_fd_sc_hd.tf line 894) (TECH-026)
Warning: Section DesignRule '' is missing the attribute 'stackable'. (sky130_fd_sc_hd.tf line 902) (TECH-026)
Warning: Layer 'via/met2' is missing the attribute 'maxStackLevel'. (sky130_fd_sc_hd.tf line 902) (TECH-026)
Warning: Section DesignRule '' is missing the attribute 'stackable'. (sky130_fd_sc_hd.tf line 910) (TECH-026)
Warning: Layer 'mcon/li1' is missing the attribute 'maxStackLevel'. (sky130_fd_sc_hd.tf line 910) (TECH-026)
Warning: Section DesignRule '' is missing the attribute 'stackable'. (sky130_fd_sc_hd.tf line 918) (TECH-026)
Warning: Layer 'mcon/met1' is missing the attribute 'maxStackLevel'. (sky130_fd_sc_hd.tf line 918) (TECH-026)
Warning: DesignRule is defined with non-consecutive layers 'via4' and 'met4'. (sky130_fd_sc_hd.tf line 851) (TECH-034)
Warning: DesignRule is defined with non-consecutive layers 'via4' and 'met5'. (sky130_fd_sc_hd.tf line 859) (TECH-034)
Warning: DesignRule is defined with non-consecutive layers 'via3' and 'met3'. (sky130_fd_sc_hd.tf line 867) (TECH-034)
Warning: DesignRule is defined with non-consecutive layers 'via3' and 'met4'. (sky130_fd_sc_hd.tf line 875) (TECH-034)
Warning: DesignRule is defined with non-consecutive layers 'via2' and 'met2'. (sky130_fd_sc_hd.tf line 883) (TECH-034)
Warning: DesignRule is defined with non-consecutive layers 'via2' and 'met3'. (sky130_fd_sc_hd.tf line 891) (TECH-034)
Warning: DesignRule is defined with non-consecutive layers 'via' and 'met1'. (sky130_fd_sc_hd.tf line 899) (TECH-034)
Warning: DesignRule is defined with non-consecutive layers 'via' and 'met2'. (sky130_fd_sc_hd.tf line 907) (TECH-034)
Warning: DesignRule is defined with non-consecutive layers 'mcon' and 'li1'. (sky130_fd_sc_hd.tf line 915) (TECH-034)
Warning: DesignRule is defined with non-consecutive layers 'mcon' and 'met1'. (sky130_fd_sc_hd.tf line 923) (TECH-034)
Information: Loading technology file '/tech/sky130/libs/sky130_fd_sc_hd/sky130_fd_sc_hd.tf' (FILE-007)
{mesh_LIB}
puts "SKY130 libraries loaded successfully"
SKY130 libraries loaded successfully
# -----------------------------------------------------------------------------
# Design Analysis and Elaboration
# -----------------------------------------------------------------------------
puts "========== Analyzing and Elaborating Design =========="
========== Analyzing and Elaborating Design ==========
# Analyze RTL source files
analyze -f sv -vcs "-f $FILELIST"
Information: By default, the HDL template library is 'WORK' (LBR-??).
Running PRESTO HDLC
Parsing vcs commands file -f src.f
Compiling source file ../../accelerator/mesh/mesh.v
Opening include file ../../accelerator/mesh/../node/node.v
Opening include file ../../accelerator/mesh/../cpu_core/cpu/cpu.v
Opening include file ../../accelerator/mesh/../cpu_core/alu/alu.v
Warning:  ../../accelerator/mesh/../cpu_core/alu/alu.v:47: delays for continuous assignment are ignored. (VER-173)
Warning:  ../../accelerator/mesh/../cpu_core/alu/alu.v:48: delays for continuous assignment are ignored. (VER-173)
Warning:  ../../accelerator/mesh/../cpu_core/alu/alu.v:49: delays for continuous assignment are ignored. (VER-173)
Warning:  ../../accelerator/mesh/../cpu_core/alu/alu.v:50: delays for continuous assignment are ignored. (VER-173)
Warning:  ../../accelerator/mesh/../cpu_core/alu/alu.v:51: delays for continuous assignment are ignored. (VER-173)
Warning:  ../../accelerator/mesh/../cpu_core/alu/alu.v:54: delays for continuous assignment are ignored. (VER-173)
Warning:  ../../accelerator/mesh/../cpu_core/alu/alu.v:55: delays for continuous assignment are ignored. (VER-173)
Warning:  ../../accelerator/mesh/../cpu_core/alu/alu.v:58: delays for continuous assignment are ignored. (VER-173)
Warning:  ../../accelerator/mesh/../cpu_core/alu/alu.v:61: delays for continuous assignment are ignored. (VER-173)
Warning:  ../../accelerator/mesh/../cpu_core/alu/alu.v:62: delays for continuous assignment are ignored. (VER-173)
Warning:  ../../accelerator/mesh/../cpu_core/alu/alu.v:65: delays for continuous assignment are ignored. (VER-173)
Warning:  ../../accelerator/mesh/../cpu_core/alu/alu.v:68: delays for continuous assignment are ignored. (VER-173)
Warning:  ../../accelerator/mesh/../cpu_core/alu/alu.v:90: delays for continuous assignment are ignored. (VER-173)
Warning:  ../../accelerator/mesh/../cpu_core/alu/alu.v:94: delays for continuous assignment are ignored. (VER-173)
Warning:  ../../accelerator/mesh/../cpu_core/alu/alu.v:95: delays for continuous assignment are ignored. (VER-173)
Warning:  ../../accelerator/mesh/../cpu_core/alu/alu.v:98: delays for continuous assignment are ignored. (VER-173)
Warning:  ../../accelerator/mesh/../cpu_core/alu/alu.v:99: delays for continuous assignment are ignored. (VER-173)
Opening include file ../../accelerator/mesh/../cpu_core/fpu/fpu.v
Warning:  ../../accelerator/mesh/../cpu_core/alu/alu.v:74: delay controls are ignored for synthesis. (VER-176)
Opening include file ../../accelerator/mesh/../cpu_core/reg_file/reg_file.v
Warning:  ../../accelerator/mesh/../cpu_core/reg_file/reg_file.v:14: delays for continuous assignment are ignored. (VER-173)
Warning:  ../../accelerator/mesh/../cpu_core/reg_file/reg_file.v:15: delays for continuous assignment are ignored. (VER-173)
Opening include file ../../accelerator/mesh/../cpu_core/f_reg_file/f_reg_file.v
Warning:  ../../accelerator/mesh/../cpu_core/reg_file/reg_file.v:25: Intraassignment delays for nonblocking assignments are ignored. (VER-130)
Warning:  ../../accelerator/mesh/../cpu_core/reg_file/reg_file.v:32: Intraassignment delays for nonblocking assignments are ignored. (VER-130)
Warning:  ../../accelerator/mesh/../cpu_core/f_reg_file/f_reg_file.v:14: delays for continuous assignment are ignored. (VER-173)
Warning:  ../../accelerator/mesh/../cpu_core/f_reg_file/f_reg_file.v:15: delays for continuous assignment are ignored. (VER-173)
Warning:  ../../accelerator/mesh/../cpu_core/f_reg_file/f_reg_file.v:16: delays for continuous assignment are ignored. (VER-173)
Opening include file ../../accelerator/mesh/../cpu_core/immediate_generation_unit/immediate_generation_unit.v
Warning:  ../../accelerator/mesh/../cpu_core/f_reg_file/f_reg_file.v:26: Intraassignment delays for nonblocking assignments are ignored. (VER-130)
Warning:  ../../accelerator/mesh/../cpu_core/f_reg_file/f_reg_file.v:33: Intraassignment delays for nonblocking assignments are ignored. (VER-130)
Opening include file ../../accelerator/mesh/../cpu_core/control_unit/control_unit.v
Opening include file ../../accelerator/cpu_core/cpu/../support_modules/mux_2to1_3bit.v
Warning:  ../../accelerator/mesh/../cpu_core/control_unit/control_unit.v:59: delays for continuous assignment are ignored. (VER-173)
Warning:  ../../accelerator/mesh/../cpu_core/control_unit/control_unit.v:66: delays for continuous assignment are ignored. (VER-173)
Warning:  ../../accelerator/mesh/../cpu_core/control_unit/control_unit.v:67: delays for continuous assignment are ignored. (VER-173)
Warning:  ../../accelerator/mesh/../cpu_core/control_unit/control_unit.v:76: delays for continuous assignment are ignored. (VER-173)
Warning:  ../../accelerator/mesh/../cpu_core/control_unit/control_unit.v:81: delays for continuous assignment are ignored. (VER-173)
Warning:  ../../accelerator/mesh/../cpu_core/control_unit/control_unit.v:108: delays for continuous assignment are ignored. (VER-173)
Warning:  ../../accelerator/mesh/../cpu_core/control_unit/control_unit.v:123: delays for continuous assignment are ignored. (VER-173)
Warning:  ../../accelerator/mesh/../cpu_core/control_unit/control_unit.v:141: delays for continuous assignment are ignored. (VER-173)
Warning:  ../../accelerator/mesh/../cpu_core/control_unit/control_unit.v:152: delays for continuous assignment are ignored. (VER-173)
Warning:  ../../accelerator/mesh/../cpu_core/control_unit/control_unit.v:159: delays for continuous assignment are ignored. (VER-173)
Warning:  ../../accelerator/mesh/../cpu_core/control_unit/control_unit.v:160: delays for continuous assignment are ignored. (VER-173)
Warning:  ../../accelerator/mesh/../cpu_core/control_unit/control_unit.v:164: delays for continuous assignment are ignored. (VER-173)
Warning:  ../../accelerator/mesh/../cpu_core/control_unit/control_unit.v:171: delays for continuous assignment are ignored. (VER-173)
Warning:  ../../accelerator/mesh/../cpu_core/control_unit/control_unit.v:172: delays for continuous assignment are ignored. (VER-173)
Warning:  ../../accelerator/mesh/../cpu_core/control_unit/control_unit.v:179: delays for continuous assignment are ignored. (VER-173)
Warning:  ../../accelerator/mesh/../cpu_core/control_unit/control_unit.v:184: delays for continuous assignment are ignored. (VER-173)
Warning:  ../../accelerator/mesh/../cpu_core/control_unit/control_unit.v:201: delays for continuous assignment are ignored. (VER-173)
Warning:  ../../accelerator/mesh/../cpu_core/control_unit/control_unit.v:208: delays for continuous assignment are ignored. (VER-173)
Warning:  ../../accelerator/mesh/../cpu_core/control_unit/control_unit.v:222: delays for continuous assignment are ignored. (VER-173)
Warning:  ../../accelerator/mesh/../cpu_core/control_unit/control_unit.v:236: delays for continuous assignment are ignored. (VER-173)
Opening include file ../../accelerator/mesh/../cpu_core/branch_control_unit/branch_control_unit.v
Opening include file ../../accelerator/mesh/../cpu_core/forwarding_units/ex_forward_unit.v
Warning:  ../../accelerator/mesh/../cpu_core/branch_control_unit/branch_control_unit.v:22: delay controls are ignored for synthesis. (VER-176)
Opening include file ../../accelerator/mesh/../cpu_core/forwarding_units/mem_forward_unit.v
Opening include file ../../accelerator/mesh/../cpu_core/hazard_detection_unit/hazard_detection_unit.v
Opening include file ../../accelerator/mesh/../cpu_core/pipeline_flush_unit/pipeline_flush_unit.v
Opening include file ../../accelerator/mesh/../cpu_core/pipeline_registers/pr_if_id.v
Opening include file ../../accelerator/mesh/../cpu_core/pipeline_registers/pr_id_ex.v
Warning:  ../../accelerator/mesh/../cpu_core/pipeline_registers/pr_if_id.v:17: Intraassignment delays for nonblocking assignments are ignored. (VER-130)
Warning:  ../../accelerator/mesh/../cpu_core/pipeline_registers/pr_if_id.v:18: Intraassignment delays for nonblocking assignments are ignored. (VER-130)
Warning:  ../../accelerator/mesh/../cpu_core/pipeline_registers/pr_if_id.v:22: Intraassignment delays for nonblocking assignments are ignored. (VER-130)
Warning:  ../../accelerator/mesh/../cpu_core/pipeline_registers/pr_if_id.v:23: Intraassignment delays for nonblocking assignments are ignored. (VER-130)
Opening include file ../../accelerator/mesh/../cpu_core/pipeline_registers/pr_ex_mem.v
Warning:  ../../accelerator/mesh/../cpu_core/pipeline_registers/pr_id_ex.v:51: Intraassignment delays for nonblocking assignments are ignored. (VER-130)
Warning:  ../../accelerator/mesh/../cpu_core/pipeline_registers/pr_id_ex.v:52: Intraassignment delays for nonblocking assignments are ignored. (VER-130)
Warning:  ../../accelerator/mesh/../cpu_core/pipeline_registers/pr_id_ex.v:53: Intraassignment delays for nonblocking assignments are ignored. (VER-130)
Warning:  ../../accelerator/mesh/../cpu_core/pipeline_registers/pr_id_ex.v:54: Intraassignment delays for nonblocking assignments are ignored. (VER-130)
Warning:  ../../accelerator/mesh/../cpu_core/pipeline_registers/pr_id_ex.v:55: Intraassignment delays for nonblocking assignments are ignored. (VER-130)
Warning:  ../../accelerator/mesh/../cpu_core/pipeline_registers/pr_id_ex.v:56: Intraassignment delays for nonblocking assignments are ignored. (VER-130)
Warning:  ../../accelerator/mesh/../cpu_core/pipeline_registers/pr_id_ex.v:57: Intraassignment delays for nonblocking assignments are ignored. (VER-130)
Warning:  ../../accelerator/mesh/../cpu_core/pipeline_registers/pr_id_ex.v:58: Intraassignment delays for nonblocking assignments are ignored. (VER-130)
Warning:  ../../accelerator/mesh/../cpu_core/pipeline_registers/pr_id_ex.v:59: Intraassignment delays for nonblocking assignments are ignored. (VER-130)
Warning:  ../../accelerator/mesh/../cpu_core/pipeline_registers/pr_id_ex.v:60: Intraassignment delays for nonblocking assignments are ignored. (VER-130)
Warning:  ../../accelerator/mesh/../cpu_core/pipeline_registers/pr_id_ex.v:61: Intraassignment delays for nonblocking assignments are ignored. (VER-130)
Warning:  ../../accelerator/mesh/../cpu_core/pipeline_registers/pr_id_ex.v:62: Intraassignment delays for nonblocking assignments are ignored. (VER-130)
Warning:  ../../accelerator/mesh/../cpu_core/pipeline_registers/pr_id_ex.v:63: Intraassignment delays for nonblocking assignments are ignored. (VER-130)
Warning:  ../../accelerator/mesh/../cpu_core/pipeline_registers/pr_id_ex.v:64: Intraassignment delays for nonblocking assignments are ignored. (VER-130)
Warning:  ../../accelerator/mesh/../cpu_core/pipeline_registers/pr_id_ex.v:65: Intraassignment delays for nonblocking assignments are ignored. (VER-130)
Warning:  ../../accelerator/mesh/../cpu_core/pipeline_registers/pr_id_ex.v:66: Intraassignment delays for nonblocking assignments are ignored. (VER-130)
Warning:  ../../accelerator/mesh/../cpu_core/pipeline_registers/pr_id_ex.v:67: Intraassignment delays for nonblocking assignments are ignored. (VER-130)
Warning:  ../../accelerator/mesh/../cpu_core/pipeline_registers/pr_id_ex.v:68: Intraassignment delays for nonblocking assignments are ignored. (VER-130)
Warning:  ../../accelerator/mesh/../cpu_core/pipeline_registers/pr_id_ex.v:69: Intraassignment delays for nonblocking assignments are ignored. (VER-130)
Warning:  ../../accelerator/mesh/../cpu_core/pipeline_registers/pr_id_ex.v:70: Intraassignment delays for nonblocking assignments are ignored. (VER-130)
Warning:  ../../accelerator/mesh/../cpu_core/pipeline_registers/pr_id_ex.v:71: Intraassignment delays for nonblocking assignments are ignored. (VER-130)
Warning:  ../../accelerator/mesh/../cpu_core/pipeline_registers/pr_id_ex.v:72: Intraassignment delays for nonblocking assignments are ignored. (VER-130)
Warning:  ../../accelerator/mesh/../cpu_core/pipeline_registers/pr_id_ex.v:73: Intraassignment delays for nonblocking assignments are ignored. (VER-130)
Warning:  ../../accelerator/mesh/../cpu_core/pipeline_registers/pr_id_ex.v:74: Intraassignment delays for nonblocking assignments are ignored. (VER-130)
Warning:  ../../accelerator/mesh/../cpu_core/pipeline_registers/pr_id_ex.v:75: Intraassignment delays for nonblocking assignments are ignored. (VER-130)
Warning:  ../../accelerator/mesh/../cpu_core/pipeline_registers/pr_id_ex.v:79: Intraassignment delays for nonblocking assignments are ignored. (VER-130)
Warning:  ../../accelerator/mesh/../cpu_core/pipeline_registers/pr_id_ex.v:80: Intraassignment delays for nonblocking assignments are ignored. (VER-130)
Warning:  ../../accelerator/mesh/../cpu_core/pipeline_registers/pr_id_ex.v:81: Intraassignment delays for nonblocking assignments are ignored. (VER-130)
Warning:  ../../accelerator/mesh/../cpu_core/pipeline_registers/pr_id_ex.v:82: Intraassignment delays for nonblocking assignments are ignored. (VER-130)
Warning:  ../../accelerator/mesh/../cpu_core/pipeline_registers/pr_id_ex.v:83: Intraassignment delays for nonblocking assignments are ignored. (VER-130)
Warning:  ../../accelerator/mesh/../cpu_core/pipeline_registers/pr_id_ex.v:84: Intraassignment delays for nonblocking assignments are ignored. (VER-130)
Warning:  ../../accelerator/mesh/../cpu_core/pipeline_registers/pr_id_ex.v:85: Intraassignment delays for nonblocking assignments are ignored. (VER-130)
Warning:  ../../accelerator/mesh/../cpu_core/pipeline_registers/pr_id_ex.v:86: Intraassignment delays for nonblocking assignments are ignored. (VER-130)
Warning:  ../../accelerator/mesh/../cpu_core/pipeline_registers/pr_id_ex.v:87: Intraassignment delays for nonblocking assignments are ignored. (VER-130)
Warning:  ../../accelerator/mesh/../cpu_core/pipeline_registers/pr_id_ex.v:88: Intraassignment delays for nonblocking assignments are ignored. (VER-130)
Warning:  ../../accelerator/mesh/../cpu_core/pipeline_registers/pr_id_ex.v:89: Intraassignment delays for nonblocking assignments are ignored. (VER-130)
Warning:  ../../accelerator/mesh/../cpu_core/pipeline_registers/pr_id_ex.v:90: Intraassignment delays for nonblocking assignments are ignored. (VER-130)
Warning:  ../../accelerator/mesh/../cpu_core/pipeline_registers/pr_id_ex.v:91: Intraassignment delays for nonblocking assignments are ignored. (VER-130)
Warning:  ../../accelerator/mesh/../cpu_core/pipeline_registers/pr_id_ex.v:92: Intraassignment delays for nonblocking assignments are ignored. (VER-130)
Warning:  ../../accelerator/mesh/../cpu_core/pipeline_registers/pr_id_ex.v:93: Intraassignment delays for nonblocking assignments are ignored. (VER-130)
Warning:  ../../accelerator/mesh/../cpu_core/pipeline_registers/pr_id_ex.v:94: Intraassignment delays for nonblocking assignments are ignored. (VER-130)
Warning:  ../../accelerator/mesh/../cpu_core/pipeline_registers/pr_id_ex.v:95: Intraassignment delays for nonblocking assignments are ignored. (VER-130)
Warning:  ../../accelerator/mesh/../cpu_core/pipeline_registers/pr_id_ex.v:96: Intraassignment delays for nonblocking assignments are ignored. (VER-130)
Warning:  ../../accelerator/mesh/../cpu_core/pipeline_registers/pr_id_ex.v:97: Intraassignment delays for nonblocking assignments are ignored. (VER-130)
Warning:  ../../accelerator/mesh/../cpu_core/pipeline_registers/pr_id_ex.v:98: Intraassignment delays for nonblocking assignments are ignored. (VER-130)
Warning:  ../../accelerator/mesh/../cpu_core/pipeline_registers/pr_id_ex.v:99: Intraassignment delays for nonblocking assignments are ignored. (VER-130)
Warning:  ../../accelerator/mesh/../cpu_core/pipeline_registers/pr_id_ex.v:100: Intraassignment delays for nonblocking assignments are ignored. (VER-130)
Warning:  ../../accelerator/mesh/../cpu_core/pipeline_registers/pr_id_ex.v:101: Intraassignment delays for nonblocking assignments are ignored. (VER-130)
Warning:  ../../accelerator/mesh/../cpu_core/pipeline_registers/pr_id_ex.v:102: Intraassignment delays for nonblocking assignments are ignored. (VER-130)
Warning:  ../../accelerator/mesh/../cpu_core/pipeline_registers/pr_id_ex.v:103: Intraassignment delays for nonblocking assignments are ignored. (VER-130)
Opening include file ../../accelerator/mesh/../cpu_core/pipeline_registers/pr_mem_wb.v
Warning:  ../../accelerator/mesh/../cpu_core/pipeline_registers/pr_ex_mem.v:41: Intraassignment delays for nonblocking assignments are ignored. (VER-130)
Warning:  ../../accelerator/mesh/../cpu_core/pipeline_registers/pr_ex_mem.v:42: Intraassignment delays for nonblocking assignments are ignored. (VER-130)
Warning:  ../../accelerator/mesh/../cpu_core/pipeline_registers/pr_ex_mem.v:43: Intraassignment delays for nonblocking assignments are ignored. (VER-130)
Warning:  ../../accelerator/mesh/../cpu_core/pipeline_registers/pr_ex_mem.v:44: Intraassignment delays for nonblocking assignments are ignored. (VER-130)
Warning:  ../../accelerator/mesh/../cpu_core/pipeline_registers/pr_ex_mem.v:45: Intraassignment delays for nonblocking assignments are ignored. (VER-130)
Warning:  ../../accelerator/mesh/../cpu_core/pipeline_registers/pr_ex_mem.v:46: Intraassignment delays for nonblocking assignments are ignored. (VER-130)
Warning:  ../../accelerator/mesh/../cpu_core/pipeline_registers/pr_ex_mem.v:47: Intraassignment delays for nonblocking assignments are ignored. (VER-130)
Warning:  ../../accelerator/mesh/../cpu_core/pipeline_registers/pr_ex_mem.v:48: Intraassignment delays for nonblocking assignments are ignored. (VER-130)
Warning:  ../../accelerator/mesh/../cpu_core/pipeline_registers/pr_ex_mem.v:49: Intraassignment delays for nonblocking assignments are ignored. (VER-130)
Warning:  ../../accelerator/mesh/../cpu_core/pipeline_registers/pr_ex_mem.v:50: Intraassignment delays for nonblocking assignments are ignored. (VER-130)
Warning:  ../../accelerator/mesh/../cpu_core/pipeline_registers/pr_ex_mem.v:51: Intraassignment delays for nonblocking assignments are ignored. (VER-130)
Warning:  ../../accelerator/mesh/../cpu_core/pipeline_registers/pr_ex_mem.v:52: Intraassignment delays for nonblocking assignments are ignored. (VER-130)
Warning:  ../../accelerator/mesh/../cpu_core/pipeline_registers/pr_ex_mem.v:53: Intraassignment delays for nonblocking assignments are ignored. (VER-130)
Warning:  ../../accelerator/mesh/../cpu_core/pipeline_registers/pr_ex_mem.v:54: Intraassignment delays for nonblocking assignments are ignored. (VER-130)
Warning:  ../../accelerator/mesh/../cpu_core/pipeline_registers/pr_ex_mem.v:55: Intraassignment delays for nonblocking assignments are ignored. (VER-130)
Warning:  ../../accelerator/mesh/../cpu_core/pipeline_registers/pr_ex_mem.v:56: Intraassignment delays for nonblocking assignments are ignored. (VER-130)
Warning:  ../../accelerator/mesh/../cpu_core/pipeline_registers/pr_ex_mem.v:60: Intraassignment delays for nonblocking assignments are ignored. (VER-130)
Warning:  ../../accelerator/mesh/../cpu_core/pipeline_registers/pr_ex_mem.v:61: Intraassignment delays for nonblocking assignments are ignored. (VER-130)
Warning:  ../../accelerator/mesh/../cpu_core/pipeline_registers/pr_ex_mem.v:62: Intraassignment delays for nonblocking assignments are ignored. (VER-130)
Warning:  ../../accelerator/mesh/../cpu_core/pipeline_registers/pr_ex_mem.v:63: Intraassignment delays for nonblocking assignments are ignored. (VER-130)
Warning:  ../../accelerator/mesh/../cpu_core/pipeline_registers/pr_ex_mem.v:64: Intraassignment delays for nonblocking assignments are ignored. (VER-130)
Warning:  ../../accelerator/mesh/../cpu_core/pipeline_registers/pr_ex_mem.v:65: Intraassignment delays for nonblocking assignments are ignored. (VER-130)
Warning:  ../../accelerator/mesh/../cpu_core/pipeline_registers/pr_ex_mem.v:66: Intraassignment delays for nonblocking assignments are ignored. (VER-130)
Warning:  ../../accelerator/mesh/../cpu_core/pipeline_registers/pr_ex_mem.v:67: Intraassignment delays for nonblocking assignments are ignored. (VER-130)
Warning:  ../../accelerator/mesh/../cpu_core/pipeline_registers/pr_ex_mem.v:68: Intraassignment delays for nonblocking assignments are ignored. (VER-130)
Warning:  ../../accelerator/mesh/../cpu_core/pipeline_registers/pr_ex_mem.v:69: Intraassignment delays for nonblocking assignments are ignored. (VER-130)
Warning:  ../../accelerator/mesh/../cpu_core/pipeline_registers/pr_ex_mem.v:70: Intraassignment delays for nonblocking assignments are ignored. (VER-130)
Warning:  ../../accelerator/mesh/../cpu_core/pipeline_registers/pr_ex_mem.v:71: Intraassignment delays for nonblocking assignments are ignored. (VER-130)
Warning:  ../../accelerator/mesh/../cpu_core/pipeline_registers/pr_ex_mem.v:72: Intraassignment delays for nonblocking assignments are ignored. (VER-130)
Warning:  ../../accelerator/mesh/../cpu_core/pipeline_registers/pr_ex_mem.v:73: Intraassignment delays for nonblocking assignments are ignored. (VER-130)
Warning:  ../../accelerator/mesh/../cpu_core/pipeline_registers/pr_ex_mem.v:74: Intraassignment delays for nonblocking assignments are ignored. (VER-130)
Warning:  ../../accelerator/mesh/../cpu_core/pipeline_registers/pr_ex_mem.v:75: Intraassignment delays for nonblocking assignments are ignored. (VER-130)
Opening include file ../../accelerator/mesh/../cpu_core/support_modules/plus_4_adder.v
Warning:  ../../accelerator/mesh/../cpu_core/pipeline_registers/pr_mem_wb.v:35: Intraassignment delays for nonblocking assignments are ignored. (VER-130)
Warning:  ../../accelerator/mesh/../cpu_core/pipeline_registers/pr_mem_wb.v:36: Intraassignment delays for nonblocking assignments are ignored. (VER-130)
Warning:  ../../accelerator/mesh/../cpu_core/pipeline_registers/pr_mem_wb.v:37: Intraassignment delays for nonblocking assignments are ignored. (VER-130)
Warning:  ../../accelerator/mesh/../cpu_core/pipeline_registers/pr_mem_wb.v:38: Intraassignment delays for nonblocking assignments are ignored. (VER-130)
Warning:  ../../accelerator/mesh/../cpu_core/pipeline_registers/pr_mem_wb.v:39: Intraassignment delays for nonblocking assignments are ignored. (VER-130)
Warning:  ../../accelerator/mesh/../cpu_core/pipeline_registers/pr_mem_wb.v:40: Intraassignment delays for nonblocking assignments are ignored. (VER-130)
Warning:  ../../accelerator/mesh/../cpu_core/pipeline_registers/pr_mem_wb.v:41: Intraassignment delays for nonblocking assignments are ignored. (VER-130)
Warning:  ../../accelerator/mesh/../cpu_core/pipeline_registers/pr_mem_wb.v:42: Intraassignment delays for nonblocking assignments are ignored. (VER-130)
Warning:  ../../accelerator/mesh/../cpu_core/pipeline_registers/pr_mem_wb.v:43: Intraassignment delays for nonblocking assignments are ignored. (VER-130)
Warning:  ../../accelerator/mesh/../cpu_core/pipeline_registers/pr_mem_wb.v:47: Intraassignment delays for nonblocking assignments are ignored. (VER-130)
Warning:  ../../accelerator/mesh/../cpu_core/pipeline_registers/pr_mem_wb.v:48: Intraassignment delays for nonblocking assignments are ignored. (VER-130)
Warning:  ../../accelerator/mesh/../cpu_core/pipeline_registers/pr_mem_wb.v:49: Intraassignment delays for nonblocking assignments are ignored. (VER-130)
Warning:  ../../accelerator/mesh/../cpu_core/pipeline_registers/pr_mem_wb.v:50: Intraassignment delays for nonblocking assignments are ignored. (VER-130)
Warning:  ../../accelerator/mesh/../cpu_core/pipeline_registers/pr_mem_wb.v:51: Intraassignment delays for nonblocking assignments are ignored. (VER-130)
Warning:  ../../accelerator/mesh/../cpu_core/pipeline_registers/pr_mem_wb.v:52: Intraassignment delays for nonblocking assignments are ignored. (VER-130)
Warning:  ../../accelerator/mesh/../cpu_core/pipeline_registers/pr_mem_wb.v:53: Intraassignment delays for nonblocking assignments are ignored. (VER-130)
Warning:  ../../accelerator/mesh/../cpu_core/pipeline_registers/pr_mem_wb.v:54: Intraassignment delays for nonblocking assignments are ignored. (VER-130)
Warning:  ../../accelerator/mesh/../cpu_core/pipeline_registers/pr_mem_wb.v:55: Intraassignment delays for nonblocking assignments are ignored. (VER-130)
Warning:  ../../accelerator/mesh/../cpu_core/support_modules/plus_4_adder.v:8: delays for continuous assignment are ignored. (VER-173)
Opening include file ../../accelerator/mesh/../cpu_core/support_modules/mux_4to1_32bit.v
Opening include file ../../accelerator/mesh/../cpu_core/support_modules/mux_2to1_32bit.v
Opening include file ../../accelerator/mesh/../cpu_core/instruction_memory/instruction_memory.v
Opening include file ../../accelerator/mesh/../cpu_core/data_memory/data_memory.v
Opening include file ../../accelerator/mesh/../network_interface/network_interface.v
Opening include file fifo.v
Error:  ../../accelerator/mesh/../network_interface/network_interface.v:1: Unable to open file `fifo.v': No such file or directory. (VER-41)
Error:  Too many errors; can't continue. (VER-40)
*** Presto compilation terminated with 1 errors. ***
Error:  Too many errors; can't continue. (VER-40)
Error: Presto analyze failed 
Elapsed = 00:00:00.04, CPU = 00:00:00.03
0
# Elaborate the design
elaborate $DESIGN_NAME
Error: In elaborate -hdl_library WORK: Module 'mesh' cannot be found for elaboration. (ELAB-357)
Elapsed = 00:00:00.06, CPU = 00:00:00.05
0
set_top_module $TOP_MODULE
Error: Current block is not defined. (DES-001)
Error: Current block is not defined. (DES-001)
Elapsed = 00:00:00.00, CPU = 00:00:00.00
Error: 0
      	Use error_info for more info. (CMD-013)
Information: script '/storage/e19129/projects/neuromorphic/e17-4yp-Neuromorphic-NoC-Architecture-for-SNNs/code/power/power_v5/rtla.tcl'
            	stopped at line 57 due to error. (CMD-081)
Extended error info:
0
    while executing
"set_top_module $TOP_MODULE"
    (file "/storage/e19129/projects/neuromorphic/e17-4yp-Neuromorphic-NoC-Architecture-for-SNNs/code/power/power_v5/rtla.tcl" line 57)
 -- End Extended Error Info
rtl_shell> 