
                                  PrimePower 

               Version W-2024.09-SP2 for linux64 - Nov 27, 2024 

                    Copyright (c) 1988 - 2024 Synopsys, Inc.
   This software and the associated documentation are proprietary to Synopsys,
 Inc. This software may only be used in accordance with the terms and conditions
 of a written license agreement with Synopsys, Inc. All other use, reproduction,
   or distribution of this software is strictly prohibited.  Licensed Products
     communicate with Synopsys servers for the purpose of providing software
    updates, detecting software piracy and verifying that customers are using
    Licensed Products in conformity with the applicable License Key for such
  Licensed Products. Synopsys will use information gathered in connection with
    this process to deliver software updates and pursue software pirates and
                                   infringers.

 Inclusivity & Diversity - Visit SolvNetPlus to read the "Synopsys Statement on
            Inclusivity and Diversity" (Refer to article 000036315 at
                        https://solvnetplus.synopsys.com)
#!/bin/tcsh -f
# =============================================================================
# Power Analysis and Metrics Reporting Script for 45nm CMOS
# =============================================================================
# Description: This script performs detailed power analysis and generates
#              comprehensive power and RTL metrics reports for the Blackbox design
# Author: Neuromorphic Accelerator Team  
# Technology: 45nm CMOS Process
# Prerequisites: Run after rtla.tcl synthesis completion
# =============================================================================
# Load shared configuration
source config.tcl
Loading shared configuration...
Using environment TEMP_RESULTS_DIR: temp_results_20251109_210139
Configuration loaded successfully
  Design: system_top_with_cpu
  Technology: 45nm CMOS
  Cores: 8
  Results directory: temp_results_20251109_210139
# -----------------------------------------------------------------------------
# Power Analysis Configuration
# -----------------------------------------------------------------------------
puts "========== Starting Power Analysis and Metrics =========="
========== Starting Power Analysis and Metrics ==========
puts "Technology: 45nm CMOS"
Technology: 45nm CMOS
puts "Design: System Top with CPUs - 2x2 Mesh NoC with 4× RV32IMF CPUs (12/14 TESTS PASSING)"
Design: System Top with CPUs - 2x2 Mesh NoC with 4× RV32IMF CPUs (12/14 TESTS PASSING)
# Enable power analysis features
set_app_var power_enable_rtl_analysis true
Information: Checked out license 'PrimePower-RTL' (PT-019)
true
set_app_var power_enable_analysis true
true
set_app_var power_enable_new_rrm_view true
true
# Configure parallel processing
set_host_options -max_cores $CORES
Information: The max_cores limit for the local (current) process has been modified by 4 to 8. (CMCR-103)
1
puts "Using $CORES cores for power analysis"
Using 8 cores for power analysis
# Create temp results directory if it doesn't exist
file mkdir $TEMP_RESULTS_DIR
# -----------------------------------------------------------------------------
# Load and Process Power Data
# -----------------------------------------------------------------------------
puts "Loading power data and computing metrics..."
Loading power data and computing metrics...
# Read design data from synthesis workspace
read_design_data $OUTPUT_DIR
Information: Sourcing RTLA_WORKSPACE/conf.tcl
1

Information : PT Additional Black-Box Check set to true

setConf REF_LIBS [list ]
setConf REF_FLIBS [list   NangateOpenCellLibrary ]
lappend ::search_path .
lappend ::search_path /tech/45nm/libs/NangateOpenCellLibrary.ndm
set ::link_library *
lappend ::link_library *
lappend ::link_library NangateOpenCellLibrary:NangateOpenCellLibrary.db
# process_label : (none)
# process : 1
# voltage : 1.2500
# temperature : 0.0000
setConf MODE "func"
setConf CORNER "Cmin"
1
Information: read_ndm /storage/e19129/projects/neuromorphic/e17-4yp-Neuromorphic-NoC-Architecture-for-SNNs/code/power/LIB:system_top_with_cpu.design
Information: Loading NDM design 'system_top_with_cpu'. (PTNDM-003)
Information: current_design won't return any data before link (DES-071)
Loading fusion library '/tech/45nm/libs/NangateOpenCellLibrary.ndm/NangateOpenCellLibrary'
Information: The fusion_lib NangateOpenCellLibrary requires 8 number of refresh check(s) (FLIB-11)
Linking design system_top_with_cpu...
Information: Removing 12646 unneeded designs..... (LNK-034)
Information: Module 'DW_div_tc_a_width32_b_width32_J14_D2' in file '/storage/e19129/projects/neuromorphic/e17-4yp-Neuromorphic-NoC-Architecture-for-SNNs/code/power/LIB' is not used in the current design.  (LNK-039)
Information: Module 'DW_div_a_width32_b_width32_tc_mode1_rem_mode1_J14_D3_D2' in file '/storage/e19129/projects/neuromorphic/e17-4yp-Neuromorphic-NoC-Architecture-for-SNNs/code/power/LIB' is not used in the current design.  (LNK-039)
Information: Module 'DW01_absval_width32_J14_D3_D3_D2' in file '/storage/e19129/projects/neuromorphic/e17-4yp-Neuromorphic-NoC-Architecture-for-SNNs/code/power/LIB' is not used in the current design.  (LNK-039)
Information: Module 'DW01_inc_J14_D3_D3_D3_D1' in file '/storage/e19129/projects/neuromorphic/e17-4yp-Neuromorphic-NoC-Architecture-for-SNNs/code/power/LIB' is not used in the current design.  (LNK-039)
Information: Module 'DW01_add_J14_D3_D4_D1' in file '/storage/e19129/projects/neuromorphic/e17-4yp-Neuromorphic-NoC-Architecture-for-SNNs/code/power/LIB' is not used in the current design.  (LNK-039)
Information: Module 'DW01_add_J14_D3_D5_D1' in file '/storage/e19129/projects/neuromorphic/e17-4yp-Neuromorphic-NoC-Architecture-for-SNNs/code/power/LIB' is not used in the current design.  (LNK-039)
Information: Module 'DW01_add_J14_D3_D6_D1' in file '/storage/e19129/projects/neuromorphic/e17-4yp-Neuromorphic-NoC-Architecture-for-SNNs/code/power/LIB' is not used in the current design.  (LNK-039)
Information: Module 'DW01_add_J14_D3_D7_D1' in file '/storage/e19129/projects/neuromorphic/e17-4yp-Neuromorphic-NoC-Architecture-for-SNNs/code/power/LIB' is not used in the current design.  (LNK-039)
Information: Module 'DW01_add_J14_D3_D8_D1' in file '/storage/e19129/projects/neuromorphic/e17-4yp-Neuromorphic-NoC-Architecture-for-SNNs/code/power/LIB' is not used in the current design.  (LNK-039)
Information: Module 'DW01_add_J14_D3_D9_D1' in file '/storage/e19129/projects/neuromorphic/e17-4yp-Neuromorphic-NoC-Architecture-for-SNNs/code/power/LIB' is not used in the current design.  (LNK-039)
Information: Module 'DW01_add_J14_D3_D10_D1' in file '/storage/e19129/projects/neuromorphic/e17-4yp-Neuromorphic-NoC-Architecture-for-SNNs/code/power/LIB' is not used in the current design.  (LNK-039)
Information: Module 'DW01_add_J14_D3_D11_D1' in file '/storage/e19129/projects/neuromorphic/e17-4yp-Neuromorphic-NoC-Architecture-for-SNNs/code/power/LIB' is not used in the current design.  (LNK-039)
Information: Module 'DW01_add_J14_D3_D12_D1' in file '/storage/e19129/projects/neuromorphic/e17-4yp-Neuromorphic-NoC-Architecture-for-SNNs/code/power/LIB' is not used in the current design.  (LNK-039)
Information: Module 'DW01_add_J14_D3_D13_D1' in file '/storage/e19129/projects/neuromorphic/e17-4yp-Neuromorphic-NoC-Architecture-for-SNNs/code/power/LIB' is not used in the current design.  (LNK-039)
Information: Module 'DW01_add_J14_D3_D14_D1' in file '/storage/e19129/projects/neuromorphic/e17-4yp-Neuromorphic-NoC-Architecture-for-SNNs/code/power/LIB' is not used in the current design.  (LNK-039)
Information: Module 'DW01_add_J14_D3_D15_D1' in file '/storage/e19129/projects/neuromorphic/e17-4yp-Neuromorphic-NoC-Architecture-for-SNNs/code/power/LIB' is not used in the current design.  (LNK-039)
Information: Module 'DW01_add_J14_D3_D16_D1' in file '/storage/e19129/projects/neuromorphic/e17-4yp-Neuromorphic-NoC-Architecture-for-SNNs/code/power/LIB' is not used in the current design.  (LNK-039)
Information: Module 'DW01_add_J14_D3_D17_D1' in file '/storage/e19129/projects/neuromorphic/e17-4yp-Neuromorphic-NoC-Architecture-for-SNNs/code/power/LIB' is not used in the current design.  (LNK-039)
Information: Module 'DW01_add_J14_D3_D18_D1' in file '/storage/e19129/projects/neuromorphic/e17-4yp-Neuromorphic-NoC-Architecture-for-SNNs/code/power/LIB' is not used in the current design.  (LNK-039)
Information: Module 'DW01_add_J14_D3_D19_D1' in file '/storage/e19129/projects/neuromorphic/e17-4yp-Neuromorphic-NoC-Architecture-for-SNNs/code/power/LIB' is not used in the current design.  (LNK-039)
Information: Module 'DW01_add_J14_D3_D20_D1' in file '/storage/e19129/projects/neuromorphic/e17-4yp-Neuromorphic-NoC-Architecture-for-SNNs/code/power/LIB' is not used in the current design.  (LNK-039)
Information: Module 'DW01_add_J14_D3_D21_D1' in file '/storage/e19129/projects/neuromorphic/e17-4yp-Neuromorphic-NoC-Architecture-for-SNNs/code/power/LIB' is not used in the current design.  (LNK-039)
Information: Module 'DW01_add_J14_D3_D22_D1' in file '/storage/e19129/projects/neuromorphic/e17-4yp-Neuromorphic-NoC-Architecture-for-SNNs/code/power/LIB' is not used in the current design.  (LNK-039)
Information: Module 'DW01_add_J14_D3_D23_D1' in file '/storage/e19129/projects/neuromorphic/e17-4yp-Neuromorphic-NoC-Architecture-for-SNNs/code/power/LIB' is not used in the current design.  (LNK-039)
Information: Module 'DW01_add_J14_D3_D24_D1' in file '/storage/e19129/projects/neuromorphic/e17-4yp-Neuromorphic-NoC-Architecture-for-SNNs/code/power/LIB' is not used in the current design.  (LNK-039)
Information: Module 'DW01_add_J14_D3_D25_D1' in file '/storage/e19129/projects/neuromorphic/e17-4yp-Neuromorphic-NoC-Architecture-for-SNNs/code/power/LIB' is not used in the current design.  (LNK-039)
Information: Module 'DW01_add_J14_D3_D26_D1' in file '/storage/e19129/projects/neuromorphic/e17-4yp-Neuromorphic-NoC-Architecture-for-SNNs/code/power/LIB' is not used in the current design.  (LNK-039)
Information: Module 'DW01_add_J14_D3_D27_D1' in file '/storage/e19129/projects/neuromorphic/e17-4yp-Neuromorphic-NoC-Architecture-for-SNNs/code/power/LIB' is not used in the current design.  (LNK-039)
Information: Module 'DW01_add_J14_D3_D28_D1' in file '/storage/e19129/projects/neuromorphic/e17-4yp-Neuromorphic-NoC-Architecture-for-SNNs/code/power/LIB' is not used in the current design.  (LNK-039)
Information: Module 'DW01_add_J14_D3_D29_D1' in file '/storage/e19129/projects/neuromorphic/e17-4yp-Neuromorphic-NoC-Architecture-for-SNNs/code/power/LIB' is not used in the current design.  (LNK-039)
Information: Module 'DW01_add_J14_D3_D30_D1' in file '/storage/e19129/projects/neuromorphic/e17-4yp-Neuromorphic-NoC-Architecture-for-SNNs/code/power/LIB' is not used in the current design.  (LNK-039)
Information: Module 'DW01_add_J14_D3_D31_D1' in file '/storage/e19129/projects/neuromorphic/e17-4yp-Neuromorphic-NoC-Architecture-for-SNNs/code/power/LIB' is not used in the current design.  (LNK-039)
Information: Module 'DW01_add_J14_D3_D32_D1' in file '/storage/e19129/projects/neuromorphic/e17-4yp-Neuromorphic-NoC-Architecture-for-SNNs/code/power/LIB' is not used in the current design.  (LNK-039)
Information: Module 'DW01_add_J14_D3_D33_D1' in file '/storage/e19129/projects/neuromorphic/e17-4yp-Neuromorphic-NoC-Architecture-for-SNNs/code/power/LIB' is not used in the current design.  (LNK-039)
Information: Module 'DW01_add_J14_D3_D34_D1' in file '/storage/e19129/projects/neuromorphic/e17-4yp-Neuromorphic-NoC-Architecture-for-SNNs/code/power/LIB' is not used in the current design.  (LNK-039)
Information: Module 'DW_inc_J14_D3_D35_D1' in file '/storage/e19129/projects/neuromorphic/e17-4yp-Neuromorphic-NoC-Architecture-for-SNNs/code/power/LIB' is not used in the current design.  (LNK-039)
Information: Module 'DW_inc_J14_D3_D36_D1' in file '/storage/e19129/projects/neuromorphic/e17-4yp-Neuromorphic-NoC-Architecture-for-SNNs/code/power/LIB' is not used in the current design.  (LNK-039)
Information: Module 'DW_div_uns_a_width32_b_width32_J15_D2' in file '/storage/e19129/projects/neuromorphic/e17-4yp-Neuromorphic-NoC-Architecture-for-SNNs/code/power/LIB' is not used in the current design.  (LNK-039)
Information: Module 'DW_div_a_width32_b_width32_tc_mode0_rem_mode1_J15_D3_D2' in file '/storage/e19129/projects/neuromorphic/e17-4yp-Neuromorphic-NoC-Architecture-for-SNNs/code/power/LIB' is not used in the current design.  (LNK-039)
Information: Module 'DW01_add_J15_D3_D3_D1' in file '/storage/e19129/projects/neuromorphic/e17-4yp-Neuromorphic-NoC-Architecture-for-SNNs/code/power/LIB' is not used in the current design.  (LNK-039)
Information: Module 'DW01_add_J15_D3_D4_D1' in file '/storage/e19129/projects/neuromorphic/e17-4yp-Neuromorphic-NoC-Architecture-for-SNNs/code/power/LIB' is not used in the current design.  (LNK-039)
Information: Module 'DW01_add_J15_D3_D5_D1' in file '/storage/e19129/projects/neuromorphic/e17-4yp-Neuromorphic-NoC-Architecture-for-SNNs/code/power/LIB' is not used in the current design.  (LNK-039)
Information: Module 'DW01_add_J15_D3_D6_D1' in file '/storage/e19129/projects/neuromorphic/e17-4yp-Neuromorphic-NoC-Architecture-for-SNNs/code/power/LIB' is not used in the current design.  (LNK-039)
Information: Module 'DW01_add_J15_D3_D7_D1' in file '/storage/e19129/projects/neuromorphic/e17-4yp-Neuromorphic-NoC-Architecture-for-SNNs/code/power/LIB' is not used in the current design.  (LNK-039)
Information: Module 'DW01_add_J15_D3_D8_D1' in file '/storage/e19129/projects/neuromorphic/e17-4yp-Neuromorphic-NoC-Architecture-for-SNNs/code/power/LIB' is not used in the current design.  (LNK-039)
Information: Module 'DW01_add_J15_D3_D9_D1' in file '/storage/e19129/projects/neuromorphic/e17-4yp-Neuromorphic-NoC-Architecture-for-SNNs/code/power/LIB' is not used in the current design.  (LNK-039)
Information: Module 'DW01_add_J15_D3_D10_D1' in file '/storage/e19129/projects/neuromorphic/e17-4yp-Neuromorphic-NoC-Architecture-for-SNNs/code/power/LIB' is not used in the current design.  (LNK-039)
Information: Module 'DW01_add_J15_D3_D11_D1' in file '/storage/e19129/projects/neuromorphic/e17-4yp-Neuromorphic-NoC-Architecture-for-SNNs/code/power/LIB' is not used in the current design.  (LNK-039)
Information: Module 'DW01_add_J15_D3_D12_D1' in file '/storage/e19129/projects/neuromorphic/e17-4yp-Neuromorphic-NoC-Architecture-for-SNNs/code/power/LIB' is not used in the current design.  (LNK-039)
Information: Module 'DW01_add_J15_D3_D13_D1' in file '/storage/e19129/projects/neuromorphic/e17-4yp-Neuromorphic-NoC-Architecture-for-SNNs/code/power/LIB' is not used in the current design.  (LNK-039)
Information: Module 'DW01_add_J15_D3_D14_D1' in file '/storage/e19129/projects/neuromorphic/e17-4yp-Neuromorphic-NoC-Architecture-for-SNNs/code/power/LIB' is not used in the current design.  (LNK-039)
Information: Module 'DW01_add_J15_D3_D15_D1' in file '/storage/e19129/projects/neuromorphic/e17-4yp-Neuromorphic-NoC-Architecture-for-SNNs/code/power/LIB' is not used in the current design.  (LNK-039)
Information: Module 'DW01_add_J15_D3_D16_D1' in file '/storage/e19129/projects/neuromorphic/e17-4yp-Neuromorphic-NoC-Architecture-for-SNNs/code/power/LIB' is not used in the current design.  (LNK-039)
Information: Module 'DW01_add_J15_D3_D17_D1' in file '/storage/e19129/projects/neuromorphic/e17-4yp-Neuromorphic-NoC-Architecture-for-SNNs/code/power/LIB' is not used in the current design.  (LNK-039)
Information: Module 'DW01_add_J15_D3_D18_D1' in file '/storage/e19129/projects/neuromorphic/e17-4yp-Neuromorphic-NoC-Architecture-for-SNNs/code/power/LIB' is not used in the current design.  (LNK-039)
Information: Module 'DW01_add_J15_D3_D19_D1' in file '/storage/e19129/projects/neuromorphic/e17-4yp-Neuromorphic-NoC-Architecture-for-SNNs/code/power/LIB' is not used in the current design.  (LNK-039)
Information: Module 'DW01_add_J15_D3_D20_D1' in file '/storage/e19129/projects/neuromorphic/e17-4yp-Neuromorphic-NoC-Architecture-for-SNNs/code/power/LIB' is not used in the current design.  (LNK-039)
Information: Module 'DW01_add_J15_D3_D21_D1' in file '/storage/e19129/projects/neuromorphic/e17-4yp-Neuromorphic-NoC-Architecture-for-SNNs/code/power/LIB' is not used in the current design.  (LNK-039)
Information: Module 'DW01_add_J15_D3_D22_D1' in file '/storage/e19129/projects/neuromorphic/e17-4yp-Neuromorphic-NoC-Architecture-for-SNNs/code/power/LIB' is not used in the current design.  (LNK-039)
Information: Module 'DW01_add_J15_D3_D23_D1' in file '/storage/e19129/projects/neuromorphic/e17-4yp-Neuromorphic-NoC-Architecture-for-SNNs/code/power/LIB' is not used in the current design.  (LNK-039)
Information: Module 'DW01_add_J15_D3_D24_D1' in file '/storage/e19129/projects/neuromorphic/e17-4yp-Neuromorphic-NoC-Architecture-for-SNNs/code/power/LIB' is not used in the current design.  (LNK-039)
Information: Module 'DW01_add_J15_D3_D25_D1' in file '/storage/e19129/projects/neuromorphic/e17-4yp-Neuromorphic-NoC-Architecture-for-SNNs/code/power/LIB' is not used in the current design.  (LNK-039)
Information: Module 'DW01_add_J15_D3_D26_D1' in file '/storage/e19129/projects/neuromorphic/e17-4yp-Neuromorphic-NoC-Architecture-for-SNNs/code/power/LIB' is not used in the current design.  (LNK-039)
Information: Module 'DW01_add_J15_D3_D27_D1' in file '/storage/e19129/projects/neuromorphic/e17-4yp-Neuromorphic-NoC-Architecture-for-SNNs/code/power/LIB' is not used in the current design.  (LNK-039)
Information: Module 'DW01_add_J15_D3_D28_D1' in file '/storage/e19129/projects/neuromorphic/e17-4yp-Neuromorphic-NoC-Architecture-for-SNNs/code/power/LIB' is not used in the current design.  (LNK-039)
Information: Module 'DW01_add_J15_D3_D29_D1' in file '/storage/e19129/projects/neuromorphic/e17-4yp-Neuromorphic-NoC-Architecture-for-SNNs/code/power/LIB' is not used in the current design.  (LNK-039)
Information: Module 'DW01_add_J15_D3_D30_D1' in file '/storage/e19129/projects/neuromorphic/e17-4yp-Neuromorphic-NoC-Architecture-for-SNNs/code/power/LIB' is not used in the current design.  (LNK-039)
Information: Module 'DW01_add_J15_D3_D31_D1' in file '/storage/e19129/projects/neuromorphic/e17-4yp-Neuromorphic-NoC-Architecture-for-SNNs/code/power/LIB' is not used in the current design.  (LNK-039)
Information: Module 'DW01_add_J15_D3_D32_D1' in file '/storage/e19129/projects/neuromorphic/e17-4yp-Neuromorphic-NoC-Architecture-for-SNNs/code/power/LIB' is not used in the current design.  (LNK-039)
Information: Module 'DW01_add_J15_D3_D33_D1' in file '/storage/e19129/projects/neuromorphic/e17-4yp-Neuromorphic-NoC-Architecture-for-SNNs/code/power/LIB' is not used in the current design.  (LNK-039)
Information: Module 'DW_div_tc_a_width32_b_width32_J20_D2' in file '/storage/e19129/projects/neuromorphic/e17-4yp-Neuromorphic-NoC-Architecture-for-SNNs/code/power/LIB' is not used in the current design.  (LNK-039)
Information: Module 'DW_div_a_width32_b_width32_tc_mode1_rem_mode1_J20_D3_D2' in file '/storage/e19129/projects/neuromorphic/e17-4yp-Neuromorphic-NoC-Architecture-for-SNNs/code/power/LIB' is not used in the current design.  (LNK-039)
Information: Module 'DW01_absval_width32_J20_D3_D3_D2' in file '/storage/e19129/projects/neuromorphic/e17-4yp-Neuromorphic-NoC-Architecture-for-SNNs/code/power/LIB' is not used in the current design.  (LNK-039)
Information: Module 'DW01_inc_J20_D3_D3_D3_D1' in file '/storage/e19129/projects/neuromorphic/e17-4yp-Neuromorphic-NoC-Architecture-for-SNNs/code/power/LIB' is not used in the current design.  (LNK-039)
Information: Module 'DW01_add_J20_D3_D4_D1' in file '/storage/e19129/projects/neuromorphic/e17-4yp-Neuromorphic-NoC-Architecture-for-SNNs/code/power/LIB' is not used in the current design.  (LNK-039)
Information: Module 'DW01_add_J20_D3_D5_D1' in file '/storage/e19129/projects/neuromorphic/e17-4yp-Neuromorphic-NoC-Architecture-for-SNNs/code/power/LIB' is not used in the current design.  (LNK-039)
Information: Module 'DW01_add_J20_D3_D6_D1' in file '/storage/e19129/projects/neuromorphic/e17-4yp-Neuromorphic-NoC-Architecture-for-SNNs/code/power/LIB' is not used in the current design.  (LNK-039)
Information: Module 'DW01_add_J20_D3_D7_D1' in file '/storage/e19129/projects/neuromorphic/e17-4yp-Neuromorphic-NoC-Architecture-for-SNNs/code/power/LIB' is not used in the current design.  (LNK-039)
Information: Module 'DW01_add_J20_D3_D8_D1' in file '/storage/e19129/projects/neuromorphic/e17-4yp-Neuromorphic-NoC-Architecture-for-SNNs/code/power/LIB' is not used in the current design.  (LNK-039)
Information: Module 'DW01_add_J20_D3_D9_D1' in file '/storage/e19129/projects/neuromorphic/e17-4yp-Neuromorphic-NoC-Architecture-for-SNNs/code/power/LIB' is not used in the current design.  (LNK-039)
Information: Module 'DW01_add_J20_D3_D10_D1' in file '/storage/e19129/projects/neuromorphic/e17-4yp-Neuromorphic-NoC-Architecture-for-SNNs/code/power/LIB' is not used in the current design.  (LNK-039)
Information: Module 'DW01_add_J20_D3_D11_D1' in file '/storage/e19129/projects/neuromorphic/e17-4yp-Neuromorphic-NoC-Architecture-for-SNNs/code/power/LIB' is not used in the current design.  (LNK-039)
Information: Module 'DW01_add_J20_D3_D12_D1' in file '/storage/e19129/projects/neuromorphic/e17-4yp-Neuromorphic-NoC-Architecture-for-SNNs/code/power/LIB' is not used in the current design.  (LNK-039)
Information: Module 'DW01_add_J20_D3_D13_D1' in file '/storage/e19129/projects/neuromorphic/e17-4yp-Neuromorphic-NoC-Architecture-for-SNNs/code/power/LIB' is not used in the current design.  (LNK-039)
Information: Module 'DW01_add_J20_D3_D14_D1' in file '/storage/e19129/projects/neuromorphic/e17-4yp-Neuromorphic-NoC-Architecture-for-SNNs/code/power/LIB' is not used in the current design.  (LNK-039)
Information: Module 'DW01_add_J20_D3_D15_D1' in file '/storage/e19129/projects/neuromorphic/e17-4yp-Neuromorphic-NoC-Architecture-for-SNNs/code/power/LIB' is not used in the current design.  (LNK-039)
Information: Module 'DW01_add_J20_D3_D16_D1' in file '/storage/e19129/projects/neuromorphic/e17-4yp-Neuromorphic-NoC-Architecture-for-SNNs/code/power/LIB' is not used in the current design.  (LNK-039)
Information: Module 'DW01_add_J20_D3_D17_D1' in file '/storage/e19129/projects/neuromorphic/e17-4yp-Neuromorphic-NoC-Architecture-for-SNNs/code/power/LIB' is not used in the current design.  (LNK-039)
Information: Module 'DW01_add_J20_D3_D18_D1' in file '/storage/e19129/projects/neuromorphic/e17-4yp-Neuromorphic-NoC-Architecture-for-SNNs/code/power/LIB' is not used in the current design.  (LNK-039)
Information: Module 'DW01_add_J20_D3_D19_D1' in file '/storage/e19129/projects/neuromorphic/e17-4yp-Neuromorphic-NoC-Architecture-for-SNNs/code/power/LIB' is not used in the current design.  (LNK-039)
Information: Module 'DW01_add_J20_D3_D20_D1' in file '/storage/e19129/projects/neuromorphic/e17-4yp-Neuromorphic-NoC-Architecture-for-SNNs/code/power/LIB' is not used in the current design.  (LNK-039)
Information: Module 'DW01_add_J20_D3_D21_D1' in file '/storage/e19129/projects/neuromorphic/e17-4yp-Neuromorphic-NoC-Architecture-for-SNNs/code/power/LIB' is not used in the current design.  (LNK-039)
Information: Module 'DW01_add_J20_D3_D22_D1' in file '/storage/e19129/projects/neuromorphic/e17-4yp-Neuromorphic-NoC-Architecture-for-SNNs/code/power/LIB' is not used in the current design.  (LNK-039)
Information: Module 'DW01_add_J20_D3_D23_D1' in file '/storage/e19129/projects/neuromorphic/e17-4yp-Neuromorphic-NoC-Architecture-for-SNNs/code/power/LIB' is not used in the current design.  (LNK-039)
Information: Module 'DW01_add_J20_D3_D24_D1' in file '/storage/e19129/projects/neuromorphic/e17-4yp-Neuromorphic-NoC-Architecture-for-SNNs/code/power/LIB' is not used in the current design.  (LNK-039)
Information: Module 'DW01_add_J20_D3_D25_D1' in file '/storage/e19129/projects/neuromorphic/e17-4yp-Neuromorphic-NoC-Architecture-for-SNNs/code/power/LIB' is not used in the current design.  (LNK-039)
Information: Module 'DW01_add_J20_D3_D26_D1' in file '/storage/e19129/projects/neuromorphic/e17-4yp-Neuromorphic-NoC-Architecture-for-SNNs/code/power/LIB' is not used in the current design.  (LNK-039)
Information: Module 'DW01_add_J20_D3_D27_D1' in file '/storage/e19129/projects/neuromorphic/e17-4yp-Neuromorphic-NoC-Architecture-for-SNNs/code/power/LIB' is not used in the current design.  (LNK-039)
Information: Module 'DW01_add_J20_D3_D28_D1' in file '/storage/e19129/projects/neuromorphic/e17-4yp-Neuromorphic-NoC-Architecture-for-SNNs/code/power/LIB' is not used in the current design.  (LNK-039)
Information: Module 'DW01_add_J20_D3_D29_D1' in file '/storage/e19129/projects/neuromorphic/e17-4yp-Neuromorphic-NoC-Architecture-for-SNNs/code/power/LIB' is not used in the current design.  (LNK-039)
Note - message 'LNK-039' default limit (100) exceeded.  Remainder will be suppressed.
Information: 99 (73.88%) library cells are unused in library NangateOpenCellLibrary..... (LNK-045)
Information: total 99 library cells are unused (LNK-046)
Design 'system_top_with_cpu' was successfully linked.
Information: There are 661249 leaf cells, ports, hiers and 1106823 nets in the design (LNK-047)
Error: Invalid xref data found during import
Error: 0
	Use error_info for more info. (CMD-013)
Information: script 'restore_new.tcl'
	stopped at line 40 due to error. (CMD-081)
Extended error info:
0
    while executing
"rtl_xref -import $xref_fname"
    (procedure "import_xref_data" line 50)
    invoked from within
"import_xref_data $tz_output $design_name"
    (procedure "read_design_data" line 193)
    invoked from within
"read_design_data $OUTPUT_DIR"
    (file "restore_new.tcl" line 40)
 -- End Extended Error Info
Information: Defining new variable 'FILELIST'. (CMD-041)
Information: Defining new variable 'TLU_CMAX'. (CMD-041)
Information: Defining new variable 'TLU_CMIN'. (CMD-041)
Information: Defining new variable 'LAYER_MAP'. (CMD-041)
Information: Defining new variable 'SEARCH_PATHS'. (CMD-041)
Information: Defining new variable 'CORES'. (CMD-041)
Information: Defining new variable 'OUTPUT_DIR'. (CMD-041)
Information: Defining new variable 'TLU_CMIN_NAME'. (CMD-041)
Information: Defining new variable 'STRIP_PATH'. (CMD-041)
Information: Defining new variable 'SCENARIO_NAME'. (CMD-041)
Information: Defining new variable 'CORNER_CMAX'. (CMD-041)
Information: Defining new variable 'CORNER_CMIN'. (CMD-041)
Information: Defining new variable 'RTL_SYSTEM_TOP_PATH'. (CMD-041)
Information: Defining new variable 'CG_MAX_FANOUT'. (CMD-041)
Information: Defining new variable 'TOP_MODULE'. (CMD-041)
Information: Defining new variable 'CG_TEST_POINT'. (CMD-041)
Information: Defining new variable 'TLU_CMAX_NAME'. (CMD-041)
Information: Defining new variable 'SDC_FILE'. (CMD-041)
Information: Defining new variable 'CG_TARGET'. (CMD-041)
Information: Defining new variable 'RESULT_DIR'. (CMD-041)
Information: Defining new variable 'CG_MAX_LEVELS'. (CMD-041)
Information: Defining new variable 'LIBS_PATH'. (CMD-041)
Information: Defining new variable 'MODE_NAME'. (CMD-041)
Information: Defining new variable 'CLTRLS_PATH'. (CMD-041)
Information: Defining new variable 'HIERARCHY_LEVELS'. (CMD-041)
Information: Defining new variable 'TECH_TF'. (CMD-041)
Information: Defining new variable 'DESIGN_NAME'. (CMD-041)
Information: Defining new variable 'CG_MIN_BITWIDTH'. (CMD-041)
Information: Defining new variable 'FSDB_FILE'. (CMD-041)
Information: Defining new variable 'REF_LIBS'. (CMD-041)
Information: Defining new variable 'TEMP_RESULTS_DIR'. (CMD-041)
Information: Defining new variable 'LIB_NAME'. (CMD-041)
pwr_shell> 
pwr_shell> exit