Info: [VCS_SAVE_RESTORE_INFO] ASLR (Address Space Layout Randomization) is detected on the machine. To enable $save functionality, ASLR will be switched off and simv re-executed.
Please use '-no_save' simv switch to avoid re-execution or '-suppress=ASLR_DETECTED_INFO' to suppress this message.
Chronologic VCS simulator copyright 1991-2024
Contains Synopsys proprietary information.
Compiler version W-2024.09-SP1_Full64; Runtime version W-2024.09-SP1_Full64;  Nov  9 18:42 2025
*Verdi* Loading libsscore_vcs202409.so
*Verdi* : FSDB_GATE & FSDB_RTL is disabled because delta cycle dumping is set.
FSDB Dumper for VCS, Release Verdi_W-2024.09-SP1, Linux x86_64/64bit, 11/30/2024
(C) 1996 - 2024 by Synopsys, Inc.
*Verdi* FSDB WARNING: The FSDB file already exists. Overwriting the FSDB file may crash the programs that are using this file.
*Verdi* : Create FSDB file 'novas.fsdb'
*Verdi* : Enable dumping region information.
*Verdi* : Enable dumping glitch values.
*Verdi* : Enable dumping value change sequence.
*Verdi* : Begin traversing the scopes, layer (0).
*Verdi* : Enable +all dumping.
*Verdi* : End of traversing.
========================================
System Top with RISC-V CPUs Testbench
========================================
Configuration:
  Mesh Size: 2x2
  Total Nodes: 4
  Neurons per Node: 4
  Total Neurons: 16
========================================

[TEST 1] System Reset and Initialization
✓ TEST 1 PASSED: System reset and initialization complete

[TEST 2] Program Loading to Instruction Memory
[TIME 3000] Loading simple program to Node 0
[TIME 4500] Program loaded to Node 0
[TIME 4500] Loading simple program to Node 1
[TIME 6100] Program loaded to Node 1
[TIME 6100] Loading simple program to Node 2
[TIME 7700] Program loaded to Node 2
[TIME 7700] Loading simple program to Node 3
[TIME 9300] Program loaded to Node 3
✓ TEST 2 PASSED: Programs loaded to all 4 nodes

[TEST 3] Single Neuron Spike Generation
[TIME 10500] Injected current 42c80000 to Node(0,0) Neuron 0
[TIME 10900] Triggered computation for Node(0,0) Neuron 0 (addr=0x06)
[TIME 210900] ✗ Timeout: No spike from Node 0, Neuron 0
✗ TEST 3 FAILED: No spike detected

[TEST 4] Router Activity Check
✓ TEST 4 PASSED: No unexpected router activity (system idle)

[TEST 5] Multi-node Parallel Operation
[TIME 216300] Injected current 42480000 to Node(1,1) Neuron 3
[TIME 216300] Injected current 42480000 to Node(1,1) Neuron 3
[TIME 216300] Injected current 42480000 to Node(1,1) Neuron 3
[TIME 216300] Injected current 42480000 to Node(1,1) Neuron 3
[TIME 236300] Active spikes across system: 0
✓ TEST 5 PASSED: Multi-node system operational (no spikes expected yet)

[TEST 6] CPU Interrupt Monitoring
[TIME 241300] Total interrupts: 0
✓ TEST 6 PASSED: Interrupt mechanism operational

[TEST 7] System Stability Test
[TIME 241300] Running stability test for 5000 cycles...
✓ TEST 7 PASSED: System remained stable

[TEST 8] CPU Memory Access - Neuron Configuration
[TIME 1241300] Loading neuron configuration program to Node 0
[TIME 1247500] Neuron config program loaded to Node 0 - full configuration with start
[TIME 1267500] CPU program executed - neurons should be configured
✓ TEST 8 PASSED: CPU-based neuron configuration complete

[TEST 9] CPU Memory Write/Read Test
[TIME 1267500] Loading memory test program to Node 0
[TIME 1269700] Memory test program loaded to Node 0
[TIME 1269700] Loading memory test program to Node 1
[TIME 1272100] Memory test program loaded to Node 1
[TIME 1272100] Loading memory test program to Node 2
[TIME 1274500] Memory test program loaded to Node 2
[TIME 1274500] Loading memory test program to Node 3
[TIME 1276900] Memory test program loaded to Node 3
[TIME 1316900] All CPUs executed memory access patterns
✓ TEST 9 PASSED: Multi-node CPU memory operations successful

[TEST 10] CPU-Configured Neuron Spike Test
[TIME 1317100] Injected current 43480000 to Node(0,0) Neuron 0
[TIME 1317500] Triggered computation for Node(0,0) Neuron 0 (addr=0x06)
[TIME 1717500] ✗ Timeout: No spike from Node 0, Neuron 0
✗ TEST 10 FAILED: No spike from CPU-configured neuron

[TEST 11] Multi-CPU Parallel Execution
[TIME 1817500] Parallel CPU execution - 0 interrupts detected
✓ TEST 11 PASSED: All CPUs executed in parallel

[TEST 12] Network Packet Injection via External Interface
[TIME 1817700] Injected current 43960000 to Node(0,0) Neuron 0
[TIME 1818900] Injected current 43960000 to Node(0,0) Neuron 1
[TIME 1820100] Injected current 43960000 to Node(0,0) Neuron 2
[TIME 1821300] Injected current 43960000 to Node(0,0) Neuron 3
[TIME 1842300] Spike count after mass stimulation: 0
✓ TEST 12 PASSED: External spike injection completed

[TEST 13] Cross-Node Communication Test
[TIME 1842500] Injected current 44160000 to Node(0,0) Neuron 0
✓ TEST 13 PASSED: No cross-node traffic (expected for unconfigured neurons)

[TEST 14] Long-term System Operation
[TIME 1852500] Running extended test for 10000 cycles...
[TIME 3852500] Final system state:
  Active spikes: 0
  CPU interrupts: 0
  Router activity: 0
✓ TEST 14 PASSED: System maintained long-term operation


========================================
TEST SUMMARY
========================================
Total Tests: 14
Passed: 12
Failed: 2
Pass Rate: 85%
========================================
✗✗✗ SOME TESTS FAILED ✗✗✗
========================================

Simulation completed at time 3852500
$finish called from file "system_top_with_cpu_tb.v", line 735.
$finish at simulation time              3852500
           V C S   S i m u l a t i o n   R e p o r t 
Time: 385250000 ps
CPU Time:      0.310 seconds;       Data structure size:   0.8Mb
Sun Nov  9 18:42:56 2025
