                         Chronologic VCS (TM)
       Version W-2024.09-SP1_Full64 -- Sun Nov  9 18:31:34 2025

                    Copyright (c) 1991 - 2024 Synopsys, Inc.
   This software and the associated documentation are proprietary to Synopsys,
 Inc. This software may only be used in accordance with the terms and conditions
 of a written license agreement with Synopsys, Inc. All other use, reproduction,
   or distribution of this software is strictly prohibited.  Licensed Products
     communicate with Synopsys servers for the purpose of providing software
    updates, detecting software piracy and verifying that customers are using
    Licensed Products in conformity with the applicable License Key for such
  Licensed Products. Synopsys will use information gathered in connection with
    this process to deliver software updates and pursue software pirates and
                                   infringers.

 Inclusivity & Diversity - Visit SolvNetPlus to read the "Synopsys Statement on
            Inclusivity and Diversity" (Refer to article 000036315 at
                        https://solvnetplus.synopsys.com)

Parsing design file 'testbench/system_top_tb.v'
Parsing included file 'system_top.v'.
Parsing included file 'noc/router.v'.
Parsing included file 'noc/input_module.v'.
Parsing included file 'noc/input_router.v'.
Back to file 'noc/input_module.v'.
Parsing included file 'noc/virtual_channel.v'.
Back to file 'noc/input_module.v'.
Parsing included file 'noc/rr_arbiter.v'.
Back to file 'noc/input_module.v'.
Back to file 'noc/router.v'.
Parsing included file 'noc/output_module.v'.
Back to file 'noc/router.v'.
Back to file 'system_top.v'.
Parsing included file 'noc/network_interface.v'.
Parsing included file 'noc/async_fifo.v'.
Back to file 'noc/network_interface.v'.
Back to file 'system_top.v'.
Parsing included file 'neuron_bank/neuron_bank.v'.
Parsing included file 'neuron_bank/neuron_core.v'.
Parsing included file 'fpu/Addition-Subtraction.v'.
Parsing included file 'fpu/Priority Encoder.v'.
Back to file 'fpu/Addition-Subtraction.v'.
Back to file 'neuron_bank/neuron_core.v'.
Parsing included file 'fpu/Multiplication.v'.
Back to file 'neuron_bank/neuron_core.v'.
Back to file 'neuron_bank/neuron_bank.v'.
Parsing included file 'neuron_bank/rng.v'.
Back to file 'neuron_bank/neuron_bank.v'.
Back to file 'system_top.v'.
Parsing included file 'instruction_memory/instruction_memory.v'.
Back to file 'system_top.v'.
Back to file 'testbench/system_top_tb.v'.
Parsing design file '../cpu/system_top.v'
Parsing included file 'noc/router.v'.
Parsing included file 'noc/input_module.v'.
Parsing included file 'noc/input_router.v'.

Error-[MPD] Module previously declared
  The module was previously declared at: 
  "noc/input_router.v", 4
  It is redeclared later at:
  "noc/input_router.v", 4: token is 'input_router'
  module input_router #(
                     ^
  Please remove one of the declarations and compile again.

Back to file 'noc/input_module.v'.
Parsing included file 'noc/virtual_channel.v'.

Error-[MPD] Module previously declared
  The module was previously declared at: 
  "noc/virtual_channel.v", 4
  It is redeclared later at:
  "noc/virtual_channel.v", 4: token is 'virtual_channel'
  module virtual_channel #(
                        ^
  Please remove one of the declarations and compile again.

Back to file 'noc/input_module.v'.
Parsing included file 'noc/rr_arbiter.v'.

Error-[MPD] Module previously declared
  The module was previously declared at: 
  "noc/rr_arbiter.v", 5
  It is redeclared later at:
  "noc/rr_arbiter.v", 5: token is 'rr_arbiter'
  module rr_arbiter #(
                   ^
  Please remove one of the declarations and compile again.

Back to file 'noc/input_module.v'.

Error-[MPD] Module previously declared
  The module was previously declared at: 
  "noc/input_module.v", 9
  It is redeclared later at:
  "noc/input_module.v", 9: token is 'input_module'
  module input_module #(
                     ^
  Please remove one of the declarations and compile again.

Back to file 'noc/router.v'.
Parsing included file 'noc/output_module.v'.

Error-[MPD] Module previously declared
  The module was previously declared at: 
  "noc/output_module.v", 5
  It is redeclared later at:
  "noc/output_module.v", 5: token is 'output_module'
  module output_module #(
                      ^
  Please remove one of the declarations and compile again.

Back to file 'noc/router.v'.

Error-[MPD] Module previously declared
  The module was previously declared at: 
  "noc/router.v", 8
  It is redeclared later at:
  "noc/router.v", 8: token is 'router'
  module router #(
               ^
  Please remove one of the declarations and compile again.

Back to file '../cpu/system_top.v'.
Parsing included file 'noc/network_interface.v'.
Parsing included file 'noc/async_fifo.v'.

Error-[MPD] Module previously declared
  The module was previously declared at: 
  "noc/async_fifo.v", 5
  It is redeclared later at:
  "noc/async_fifo.v", 5: token is 'async_fifo'
  module async_fifo #(
                   ^
  Please remove one of the declarations and compile again.

Back to file 'noc/network_interface.v'.

Error-[MPD] Module previously declared
  The module was previously declared at: 
  "noc/network_interface.v", 7
  It is redeclared later at:
  "noc/network_interface.v", 7: token is 'network_interface'
  module network_interface #(
                          ^
  Please remove one of the declarations and compile again.

Back to file '../cpu/system_top.v'.
Parsing included file 'neuron_bank/neuron_bank.v'.
Parsing included file 'neuron_bank/neuron_core.v'.
Parsing included file 'fpu/Addition-Subtraction.v'.
Back to file 'neuron_bank/neuron_core.v'.

Error-[MPD] Module previously declared
  The module was previously declared at: 
  "neuron_bank/neuron_core.v", 8
  It is redeclared later at:
  "neuron_bank/neuron_core.v", 8: token is 'neuron_core'
  module neuron_core (
                    ^
  Please remove one of the declarations and compile again.

Back to file 'neuron_bank/neuron_bank.v'.
Parsing included file 'neuron_bank/rng.v'.

Error-[MPD] Module previously declared
  The module was previously declared at: 
  "neuron_bank/rng.v", 5
  It is redeclared later at:
  "neuron_bank/rng.v", 5: token is 'rng'
  module rng (
            ^
  Please remove one of the declarations and compile again.


Note-[MAX_ERROR_COUNT] Maximum error count reached
  Current number of errors has reached the default maximum error count (10).
  Please use +error+<count> to increase the limit.

10 errors
CPU time: .173 seconds to compile
