                         Chronologic VCS (TM)
       Version W-2024.09-SP1_Full64 -- Thu Nov 27 09:40:40 2025

                    Copyright (c) 1991 - 2024 Synopsys, Inc.
   This software and the associated documentation are proprietary to Synopsys,
 Inc. This software may only be used in accordance with the terms and conditions
 of a written license agreement with Synopsys, Inc. All other use, reproduction,
   or distribution of this software is strictly prohibited.  Licensed Products
     communicate with Synopsys servers for the purpose of providing software
    updates, detecting software piracy and verifying that customers are using
    Licensed Products in conformity with the applicable License Key for such
  Licensed Products. Synopsys will use information gathered in connection with
    this process to deliver software updates and pursue software pirates and
                                   infringers.

 Inclusivity & Diversity - Visit SolvNetPlus to read the "Synopsys Statement on
            Inclusivity and Diversity" (Refer to article 000036315 at
                        https://solvnetplus.synopsys.com)

Parsing design file 'system_top_tb.v'
Parsing included file 'system_top.v'.
Parsing included file 'noc/router.v'.
Parsing included file 'noc/input_module.v'.
Parsing included file 'noc/input_router.v'.
Back to file 'noc/input_module.v'.
Parsing included file 'noc/virtual_channel.v'.
Back to file 'noc/input_module.v'.
Parsing included file 'noc/rr_arbiter.v'.
Back to file 'noc/input_module.v'.
Back to file 'noc/router.v'.
Parsing included file 'noc/output_module.v'.
Back to file 'noc/router.v'.
Back to file 'system_top.v'.
Parsing included file 'noc/network_interface.v'.
Parsing included file 'noc/async_fifo.v'.
Back to file 'noc/network_interface.v'.
Back to file 'system_top.v'.
Parsing included file 'neuron_bank/neuron_bank.v'.
Parsing included file 'neuron_bank/neuron_core.v'.
Parsing included file 'fpu/Addition-Subtraction.v'.
Parsing included file 'fpu/Priority Encoder.v'.
Back to file 'fpu/Addition-Subtraction.v'.
Back to file 'neuron_bank/neuron_core.v'.
Parsing included file 'fpu/Multiplication.v'.
Back to file 'neuron_bank/neuron_core.v'.
Back to file 'neuron_bank/neuron_bank.v'.
Parsing included file 'neuron_bank/rng.v'.
Back to file 'neuron_bank/neuron_bank.v'.
Back to file 'system_top.v'.
Parsing included file 'instruction_memory/instruction_memory.v'.
Back to file 'system_top.v'.
Back to file 'system_top_tb.v'.
Top Level Modules:
       instruction_memory
       system_top_tb
TimeScale is 1 ns / 100 ps

Warning-[PCWM-W] Port connection width mismatch
noc/output_module.v, 169
"rr_arbiter #(5) arbiter( .clk (clk),  .rst_n (rst_n),  .request (arb_request[3:0]),  .grant (arb_grant[3:0]));"
  The following 4-bit expression is connected to 5-bit port "request" of 
  module "rr_arbiter", instance "arbiter".
  Expression: arb_request[3:0]
  Instantiated module defined at: "noc/rr_arbiter.v", 5
  Use +lint=PCWM for more details.


Warning-[PCWM-W] Port connection width mismatch
noc/output_module.v, 169
"rr_arbiter #(5) arbiter( .clk (clk),  .rst_n (rst_n),  .request (arb_request[3:0]),  .grant (arb_grant[3:0]));"
  The following 4-bit expression is connected to 5-bit port "grant" of module 
  "rr_arbiter", instance "arbiter".
  Expression: arb_grant[3:0]
  Instantiated module defined at: "noc/rr_arbiter.v", 5
  Use +lint=PCWM for more details.


Warning-[SIOB] Select index out of bounds
system_top.v, 125
"ns_packet[0][(0 - 1)]"
  The select index is out of declared bounds : [0:0].
  In module instance : dut 
  In module : system_top.


Warning-[SIOB] Select index out of bounds
system_top.v, 126
"ns_valid[0][(0 - 1)]"
  The select index is out of declared bounds : [0:0].
  In module instance : dut 
  In module : system_top.


Warning-[SIOB] Select index out of bounds
system_top.v, 127
"ns_ready[0][(0 - 1)]"
  The select index is out of declared bounds : [0:0].
  In module instance : dut 
  In module : system_top.


Warning-[SIOB] Select index out of bounds
system_top.v, 128
"sn_ready[0][(0 - 1)]"
  The select index is out of declared bounds : [0:0].
  In module instance : dut 
  In module : system_top.


Warning-[SIOB] Select index out of bounds
system_top.v, 147
"ew_packet[(0 - 1)][0]"
  The select index is out of declared bounds : [0:0].
  In module instance : dut 
  In module : system_top.


Warning-[SIOB] Select index out of bounds
system_top.v, 148
"ew_valid[(0 - 1)][0]"
  The select index is out of declared bounds : [0:0].
  In module instance : dut 
  In module : system_top.


Warning-[SIOB] Select index out of bounds
system_top.v, 149
"ew_ready[(0 - 1)][0]"
  The select index is out of declared bounds : [0:0].
  In module instance : dut 
  In module : system_top.


Warning-[SIOB] Select index out of bounds
system_top.v, 150
"we_ready[(0 - 1)][0]"
  The select index is out of declared bounds : [0:0].
  In module instance : dut 
  In module : system_top.


Warning-[SIOB] Select index out of bounds
system_top.v, 114
"sn_packet[0][1]"
  The select index is out of declared bounds : [0:0].
  In module instance : dut 
  In module : system_top.


Warning-[SIOB] Select index out of bounds
system_top.v, 115
"sn_valid[0][1]"
  The select index is out of declared bounds : [0:0].
  In module instance : dut 
  In module : system_top.


Warning-[SIOB] Select index out of bounds
system_top.v, 116
"sn_ready[0][1]"
  The select index is out of declared bounds : [0:0].
  In module instance : dut 
  In module : system_top.


Warning-[SIOB] Select index out of bounds
system_top.v, 117
"ns_ready[0][1]"
  The select index is out of declared bounds : [0:0].
  In module instance : dut 
  In module : system_top.


Warning-[SIOB] Select index out of bounds
system_top.v, 147
"ew_packet[(0 - 1)][1]"
  The select index is out of declared bounds : [0:0].
  In module instance : dut 
  In module : system_top.


Warning-[SIOB] Select index out of bounds
system_top.v, 148
"ew_valid[(0 - 1)][1]"
  The select index is out of declared bounds : [0:0].
  In module instance : dut 
  In module : system_top.


Warning-[SIOB] Select index out of bounds
system_top.v, 149
"ew_ready[(0 - 1)][1]"
  The select index is out of declared bounds : [0:0].
  In module instance : dut 
  In module : system_top.


Warning-[SIOB] Select index out of bounds
system_top.v, 150
"we_ready[(0 - 1)][1]"
  The select index is out of declared bounds : [0:0].
  In module instance : dut 
  In module : system_top.


Warning-[SIOB] Select index out of bounds
system_top.v, 125
"ns_packet[1][(0 - 1)]"
  The select index is out of declared bounds : [0:0].
  In module instance : dut 
  In module : system_top.


Warning-[SIOB] Select index out of bounds
system_top.v, 126
"ns_valid[1][(0 - 1)]"
  The select index is out of declared bounds : [0:0].
  In module instance : dut 
  In module : system_top.


Warning-[SIOB] Select index out of bounds
system_top.v, 127
"ns_ready[1][(0 - 1)]"
  The select index is out of declared bounds : [0:0].
  In module instance : dut 
  In module : system_top.


Warning-[SIOB] Select index out of bounds
system_top.v, 128
"sn_ready[1][(0 - 1)]"
  The select index is out of declared bounds : [0:0].
  In module instance : dut 
  In module : system_top.


Warning-[SIOB] Select index out of bounds
system_top.v, 136
"we_packet[1][0]"
  The select index is out of declared bounds : [0:0].
  In module instance : dut 
  In module : system_top.


Warning-[SIOB] Select index out of bounds
system_top.v, 137
"we_valid[1][0]"
  The select index is out of declared bounds : [0:0].
  In module instance : dut 
  In module : system_top.


Warning-[SIOB] Select index out of bounds
system_top.v, 138
"we_ready[1][0]"
  The select index is out of declared bounds : [0:0].
  In module instance : dut 
  In module : system_top.


Warning-[SIOB] Select index out of bounds
system_top.v, 139
"ew_ready[1][0]"
  The select index is out of declared bounds : [0:0].
  In module instance : dut 
  In module : system_top.


Warning-[SIOB] Select index out of bounds
system_top.v, 114
"sn_packet[1][1]"
  The select index is out of declared bounds : [0:0].
  In module instance : dut 
  In module : system_top.


Warning-[SIOB] Select index out of bounds
system_top.v, 115
"sn_valid[1][1]"
  The select index is out of declared bounds : [0:0].
  In module instance : dut 
  In module : system_top.


Warning-[SIOB] Select index out of bounds
system_top.v, 116
"sn_ready[1][1]"
  The select index is out of declared bounds : [0:0].
  In module instance : dut 
  In module : system_top.


Warning-[SIOB] Select index out of bounds
system_top.v, 117
"ns_ready[1][1]"
  The select index is out of declared bounds : [0:0].
  In module instance : dut 
  In module : system_top.


Warning-[SIOB] Select index out of bounds
system_top.v, 136
"we_packet[1][1]"
  The select index is out of declared bounds : [0:0].
  In module instance : dut 
  In module : system_top.


Warning-[SIOB] Select index out of bounds
system_top.v, 137
"we_valid[1][1]"
  The select index is out of declared bounds : [0:0].
  In module instance : dut 
  In module : system_top.


Warning-[SIOB] Select index out of bounds
system_top.v, 138
"we_ready[1][1]"
  The select index is out of declared bounds : [0:0].
  In module instance : dut 
  In module : system_top.


Warning-[SIOB] Select index out of bounds
system_top.v, 139
"ew_ready[1][1]"
  The select index is out of declared bounds : [0:0].
  In module instance : dut 
  In module : system_top.

Notice: Ports coerced to inout, use -notice for details
Starting vcs inline pass...
10 modules and 0 UDP read.
recompiling module input_module
recompiling module output_module
recompiling module router
recompiling module async_fifo
recompiling module network_interface
recompiling module Addition_Subtraction
recompiling module neuron_core
recompiling module neuron_bank
recompiling module instruction_memory
recompiling module system_top_tb
All of 10 modules done
rm -f _cuarc*.so _csrc*.so pre_vcsobj_*.so share_vcsobj_*.so
if [ -x ../simv ]; then chmod a-x ../simv; fi
g++  -o ../simv      -rdynamic  -Wl,-rpath='$ORIGIN'/simv.daidir -Wl,-rpath=./simv.daidir -Wl,-rpath=/storage/synopsys/vcs/W-2024.09-SP1/linux64/lib -L/storage/synopsys/vcs/W-2024.09-SP1/linux64/lib  -Wl,-rpath-link=./  /usr/lib64/libnuma.so.1   objs/amcQw_d.o   _1906196_archive_1.so _prev_archive_1.so   SIM_l.o      rmapats_mop.o rmapats.o rmar.o rmar_nd.o  rmar_llvm_0_1.o rmar_llvm_0_0.o            -lvirsim -lerrorinf -lsnpsmalloc -lvfs    -lvcsnew -lsimprofile -luclinative /storage/synopsys/vcs/W-2024.09-SP1/linux64/lib/vcs_tls.o   -Wl,-whole-archive  -lvcsucli    -Wl,-no-whole-archive        _vcs_pli_stub_.o   /storage/synopsys/vcs/W-2024.09-SP1/linux64/lib/vcs_save_restore_new.o /storage/synopsys/verdi/W-2024.09-SP1/share/PLI/VCS/LINUX64/pli.a -ldl  -lc -lm -lpthread -ldl 
../simv up to date
CPU time: .671 seconds to compile + .270 seconds to elab + .210 seconds to link
Verdi KDB elaboration done and the database successfully generated
