


                               RTL Architect (TM)

               Version V-2023.12-SP5-3 for linux64 - Dec 17, 2024
                           Base build date 11/18/2024

                    Copyright (c) 1988 - 2024 Synopsys, Inc.
   This software and the associated documentation are proprietary to Synopsys,
 Inc. This software may only be used in accordance with the terms and conditions
 of a written license agreement with Synopsys, Inc. All other use, reproduction,
   or distribution of this software is strictly prohibited.  Licensed Products
     communicate with Synopsys servers for the purpose of providing software
    updates, detecting software piracy and verifying that customers are using
    Licensed Products in conformity with the applicable License Key for such
  Licensed Products. Synopsys will use information gathered in connection with
    this process to deliver software updates and pursue software pirates and
                                   infringers.

 Inclusivity & Diversity - Visit SolvNetPlus to read the "Synopsys Statement on
            Inclusivity and Diversity" (Refer to article 000036315 at
                        https://solvnetplus.synopsys.com)
 
#!/bin/tcsh -f
# =============================================================================
# RISC-V CPU RTL Analysis and Synthesis Script for SKY130
# =============================================================================
# Description: This script performs RTL analysis, synthesis, and power 
#              analysis for the RISC-V CPU using SKY130 technology
# Author: CO502 Group 1
# Technology: SKY130 130nm Process
# =============================================================================
# Load shared configuration
source config.tcl
Loading shared configuration...
Using environment TEMP_RESULTS_DIR: temp_results_20251206_235715
Configuration loaded successfully
  Design: neuron
  Technology: SKY130 130nm
  Cores: 8
  Results directory: temp_results_20251206_235715
# -----------------------------------------------------------------------------
# Configuration and Setup
# -----------------------------------------------------------------------------
puts "========== Starting RTL Analysis and Synthesis =========="
========== Starting RTL Analysis and Synthesis ==========
puts "Technology: SKY130 130nm"
Technology: SKY130 130nm
puts "Design: RISC-V CPU Pipeline"
Design: RISC-V CPU Pipeline
# Configure mismatch handling
set_current_mismatch_config auto_fix 
1
set_attribute [get_mismatch_types missing_logical_reference] current_repair(auto_fix) create_blackbox
Warning: Changing current repair(handler) for a mismatch type in between a flow is not recommended. (DMM-011)
{missing_logical_reference}
# Set host options for parallel processing
set_host_options -max_cores $CORES
1
puts "Using $CORES cores for parallel processing"
Using 8 cores for parallel processing
# Application options
set_app_options -list {plan.macro.allow_unmapped_design true}
plan.macro.allow_unmapped_design true
# -----------------------------------------------------------------------------
# Library Setup
# -----------------------------------------------------------------------------
puts "========== Setting up SKY130 Libraries =========="
========== Setting up SKY130 Libraries ==========
# Search paths for libraries and source files
set search_path $SEARCH_PATHS
* ./ ../../cpu/ ../../cpu/neuron/ /tech/sky130/libs/sky130_library/ndm
# Create design library with SKY130 reference libraries
create_lib $LIB_NAME \
    -ref_libs "$REF_LIBS" \
    -technology $TECH_TF
Information: The command 'create_lib' cleared the undo history. (UNDO-016)
Error: Library directory '/storage/e19129/projects/neuromorphic/e17-4yp-Neuromorphic-NoC-Architecture-for-SNNs/code/power/neuron/neuron_LIB' already exists (LIB-009)
Error: problem in create_lib
      	Use error_info for more info. (CMD-013)
Information: script '/storage/e19129/projects/neuromorphic/e17-4yp-Neuromorphic-NoC-Architecture-for-SNNs/code/power/neuron/rtla.tcl'
            	stopped at line 41 due to error. (CMD-081)
Extended error info:
problem in create_lib
    while executing
"create_lib $LIB_NAME \
    -ref_libs "$REF_LIBS" \
    -technology $TECH_TF"
    (file "/storage/e19129/projects/neuromorphic/e17-4yp-Neuromorphic-NoC-Architecture-for-SNNs/code/power/neuron/rtla.tcl" line 41)
 -- End Extended Error Info
rtl_shell> 