
                                  PrimePower 

               Version W-2024.09-SP2 for linux64 - Nov 27, 2024 

                    Copyright (c) 1988 - 2024 Synopsys, Inc.
   This software and the associated documentation are proprietary to Synopsys,
 Inc. This software may only be used in accordance with the terms and conditions
 of a written license agreement with Synopsys, Inc. All other use, reproduction,
   or distribution of this software is strictly prohibited.  Licensed Products
     communicate with Synopsys servers for the purpose of providing software
    updates, detecting software piracy and verifying that customers are using
    Licensed Products in conformity with the applicable License Key for such
  Licensed Products. Synopsys will use information gathered in connection with
    this process to deliver software updates and pursue software pirates and
                                   infringers.

 Inclusivity & Diversity - Visit SolvNetPlus to read the "Synopsys Statement on
            Inclusivity and Diversity" (Refer to article 000036315 at
                        https://solvnetplus.synopsys.com)
set_app_var power_enable_rtl_analysis true
Information: Checked out license 'PrimePower-RTL' (PT-019)
true
set_app_var power_enable_analysis true
true
set_app_var power_enable_new_rrm_view true
true
set_host_options -max_cores 8
Information: The max_cores limit for the local (current) process has been modified by 4 to 8. (CMCR-103)
1
read_design_data RTLA_WORKSPACE
Information: Sourcing RTLA_WORKSPACE/conf.tcl
1

Information : PT Additional Black-Box Check set to true

setConf REF_LIBS [list ]
setConf REF_FLIBS [list   NangateOpenCellLibrary ]
lappend ::search_path .
lappend ::search_path /tech/45nm/libs/NangateOpenCellLibrary.ndm
set ::link_library *
lappend ::link_library *
lappend ::link_library NangateOpenCellLibrary:NangateOpenCellLibrary.db
# process_label : (none)
# process : 1
# voltage : 1.2500
# temperature : 0.0000
setConf MODE "func"
setConf CORNER "Cmax"
1
Information: read_ndm /storage/e19129/projects/neuromorphic/e17-4yp-Neuromorphic-NoC-Architecture-for-SNNs/code/power/power_v2/LIB:mesh.design
Information: Loading NDM design 'mesh'. (PTNDM-003)
Information: current_design won't return any data before link (DES-071)
Loading fusion library '/tech/45nm/libs/NangateOpenCellLibrary.ndm/NangateOpenCellLibrary'
Information: The fusion_lib NangateOpenCellLibrary requires 8 number of refresh check(s) (FLIB-11)
Linking design mesh...
Information: Removing 36963 unneeded designs..... (LNK-034)
Information: Module 'DW_div_uns_a_width4_b_width3_J4_D2' in file '/storage/e19129/projects/neuromorphic/e17-4yp-Neuromorphic-NoC-Architecture-for-SNNs/code/power/power_v2/LIB' is not used in the current design.  (LNK-039)
Information: Module 'DW_div_a_width4_b_width3_tc_mode0_rem_mode1_J4_D3_D2' in file '/storage/e19129/projects/neuromorphic/e17-4yp-Neuromorphic-NoC-Architecture-for-SNNs/code/power/power_v2/LIB' is not used in the current design.  (LNK-039)
Information: Module 'DW01_add_J4_D3_D3_D1' in file '/storage/e19129/projects/neuromorphic/e17-4yp-Neuromorphic-NoC-Architecture-for-SNNs/code/power/power_v2/LIB' is not used in the current design.  (LNK-039)
Information: Module 'DW01_add_J4_D3_D4_D1' in file '/storage/e19129/projects/neuromorphic/e17-4yp-Neuromorphic-NoC-Architecture-for-SNNs/code/power/power_v2/LIB' is not used in the current design.  (LNK-039)
Information: Module 'DW01_add_J4_D3_D5_D1' in file '/storage/e19129/projects/neuromorphic/e17-4yp-Neuromorphic-NoC-Architecture-for-SNNs/code/power/power_v2/LIB' is not used in the current design.  (LNK-039)
Information: Module 'DW_div_tc_a_width32_b_width32_J16_D2' in file '/storage/e19129/projects/neuromorphic/e17-4yp-Neuromorphic-NoC-Architecture-for-SNNs/code/power/power_v2/LIB' is not used in the current design.  (LNK-039)
Information: Module 'DW_div_a_width32_b_width32_tc_mode1_rem_mode1_J16_D3_D2' in file '/storage/e19129/projects/neuromorphic/e17-4yp-Neuromorphic-NoC-Architecture-for-SNNs/code/power/power_v2/LIB' is not used in the current design.  (LNK-039)
Information: Module 'DW01_absval_width32_J16_D3_D3_D2' in file '/storage/e19129/projects/neuromorphic/e17-4yp-Neuromorphic-NoC-Architecture-for-SNNs/code/power/power_v2/LIB' is not used in the current design.  (LNK-039)
Information: Module 'DW01_inc_J16_D3_D3_D3_D1' in file '/storage/e19129/projects/neuromorphic/e17-4yp-Neuromorphic-NoC-Architecture-for-SNNs/code/power/power_v2/LIB' is not used in the current design.  (LNK-039)
Information: Module 'DW01_add_J16_D3_D4_D1' in file '/storage/e19129/projects/neuromorphic/e17-4yp-Neuromorphic-NoC-Architecture-for-SNNs/code/power/power_v2/LIB' is not used in the current design.  (LNK-039)
Information: Module 'DW01_add_J16_D3_D5_D1' in file '/storage/e19129/projects/neuromorphic/e17-4yp-Neuromorphic-NoC-Architecture-for-SNNs/code/power/power_v2/LIB' is not used in the current design.  (LNK-039)
Information: Module 'DW01_add_J16_D3_D6_D1' in file '/storage/e19129/projects/neuromorphic/e17-4yp-Neuromorphic-NoC-Architecture-for-SNNs/code/power/power_v2/LIB' is not used in the current design.  (LNK-039)
Information: Module 'DW01_add_J16_D3_D7_D1' in file '/storage/e19129/projects/neuromorphic/e17-4yp-Neuromorphic-NoC-Architecture-for-SNNs/code/power/power_v2/LIB' is not used in the current design.  (LNK-039)
Information: Module 'DW01_add_J16_D3_D8_D1' in file '/storage/e19129/projects/neuromorphic/e17-4yp-Neuromorphic-NoC-Architecture-for-SNNs/code/power/power_v2/LIB' is not used in the current design.  (LNK-039)
Information: Module 'DW01_add_J16_D3_D9_D1' in file '/storage/e19129/projects/neuromorphic/e17-4yp-Neuromorphic-NoC-Architecture-for-SNNs/code/power/power_v2/LIB' is not used in the current design.  (LNK-039)
Information: Module 'DW01_add_J16_D3_D10_D1' in file '/storage/e19129/projects/neuromorphic/e17-4yp-Neuromorphic-NoC-Architecture-for-SNNs/code/power/power_v2/LIB' is not used in the current design.  (LNK-039)
Information: Module 'DW01_add_J16_D3_D11_D1' in file '/storage/e19129/projects/neuromorphic/e17-4yp-Neuromorphic-NoC-Architecture-for-SNNs/code/power/power_v2/LIB' is not used in the current design.  (LNK-039)
Information: Module 'DW01_add_J16_D3_D12_D1' in file '/storage/e19129/projects/neuromorphic/e17-4yp-Neuromorphic-NoC-Architecture-for-SNNs/code/power/power_v2/LIB' is not used in the current design.  (LNK-039)
Information: Module 'DW01_add_J16_D3_D13_D1' in file '/storage/e19129/projects/neuromorphic/e17-4yp-Neuromorphic-NoC-Architecture-for-SNNs/code/power/power_v2/LIB' is not used in the current design.  (LNK-039)
Information: Module 'DW01_add_J16_D3_D14_D1' in file '/storage/e19129/projects/neuromorphic/e17-4yp-Neuromorphic-NoC-Architecture-for-SNNs/code/power/power_v2/LIB' is not used in the current design.  (LNK-039)
Information: Module 'DW01_add_J16_D3_D15_D1' in file '/storage/e19129/projects/neuromorphic/e17-4yp-Neuromorphic-NoC-Architecture-for-SNNs/code/power/power_v2/LIB' is not used in the current design.  (LNK-039)
Information: Module 'DW01_add_J16_D3_D16_D1' in file '/storage/e19129/projects/neuromorphic/e17-4yp-Neuromorphic-NoC-Architecture-for-SNNs/code/power/power_v2/LIB' is not used in the current design.  (LNK-039)
Information: Module 'DW01_add_J16_D3_D17_D1' in file '/storage/e19129/projects/neuromorphic/e17-4yp-Neuromorphic-NoC-Architecture-for-SNNs/code/power/power_v2/LIB' is not used in the current design.  (LNK-039)
Information: Module 'DW01_add_J16_D3_D18_D1' in file '/storage/e19129/projects/neuromorphic/e17-4yp-Neuromorphic-NoC-Architecture-for-SNNs/code/power/power_v2/LIB' is not used in the current design.  (LNK-039)
Information: Module 'DW01_add_J16_D3_D19_D1' in file '/storage/e19129/projects/neuromorphic/e17-4yp-Neuromorphic-NoC-Architecture-for-SNNs/code/power/power_v2/LIB' is not used in the current design.  (LNK-039)
Information: Module 'DW01_add_J16_D3_D20_D1' in file '/storage/e19129/projects/neuromorphic/e17-4yp-Neuromorphic-NoC-Architecture-for-SNNs/code/power/power_v2/LIB' is not used in the current design.  (LNK-039)
Information: Module 'DW01_add_J16_D3_D21_D1' in file '/storage/e19129/projects/neuromorphic/e17-4yp-Neuromorphic-NoC-Architecture-for-SNNs/code/power/power_v2/LIB' is not used in the current design.  (LNK-039)
Information: Module 'DW01_add_J16_D3_D22_D1' in file '/storage/e19129/projects/neuromorphic/e17-4yp-Neuromorphic-NoC-Architecture-for-SNNs/code/power/power_v2/LIB' is not used in the current design.  (LNK-039)
Information: Module 'DW01_add_J16_D3_D23_D1' in file '/storage/e19129/projects/neuromorphic/e17-4yp-Neuromorphic-NoC-Architecture-for-SNNs/code/power/power_v2/LIB' is not used in the current design.  (LNK-039)
Information: Module 'DW01_add_J16_D3_D24_D1' in file '/storage/e19129/projects/neuromorphic/e17-4yp-Neuromorphic-NoC-Architecture-for-SNNs/code/power/power_v2/LIB' is not used in the current design.  (LNK-039)
Information: Module 'DW01_add_J16_D3_D25_D1' in file '/storage/e19129/projects/neuromorphic/e17-4yp-Neuromorphic-NoC-Architecture-for-SNNs/code/power/power_v2/LIB' is not used in the current design.  (LNK-039)
Information: Module 'DW01_add_J16_D3_D26_D1' in file '/storage/e19129/projects/neuromorphic/e17-4yp-Neuromorphic-NoC-Architecture-for-SNNs/code/power/power_v2/LIB' is not used in the current design.  (LNK-039)
Information: Module 'DW01_add_J16_D3_D27_D1' in file '/storage/e19129/projects/neuromorphic/e17-4yp-Neuromorphic-NoC-Architecture-for-SNNs/code/power/power_v2/LIB' is not used in the current design.  (LNK-039)
Information: Module 'DW01_add_J16_D3_D28_D1' in file '/storage/e19129/projects/neuromorphic/e17-4yp-Neuromorphic-NoC-Architecture-for-SNNs/code/power/power_v2/LIB' is not used in the current design.  (LNK-039)
Information: Module 'DW01_add_J16_D3_D29_D1' in file '/storage/e19129/projects/neuromorphic/e17-4yp-Neuromorphic-NoC-Architecture-for-SNNs/code/power/power_v2/LIB' is not used in the current design.  (LNK-039)
Information: Module 'DW01_add_J16_D3_D30_D1' in file '/storage/e19129/projects/neuromorphic/e17-4yp-Neuromorphic-NoC-Architecture-for-SNNs/code/power/power_v2/LIB' is not used in the current design.  (LNK-039)
Information: Module 'DW01_add_J16_D3_D31_D1' in file '/storage/e19129/projects/neuromorphic/e17-4yp-Neuromorphic-NoC-Architecture-for-SNNs/code/power/power_v2/LIB' is not used in the current design.  (LNK-039)
Information: Module 'DW01_add_J16_D3_D32_D1' in file '/storage/e19129/projects/neuromorphic/e17-4yp-Neuromorphic-NoC-Architecture-for-SNNs/code/power/power_v2/LIB' is not used in the current design.  (LNK-039)
Information: Module 'DW01_add_J16_D3_D33_D1' in file '/storage/e19129/projects/neuromorphic/e17-4yp-Neuromorphic-NoC-Architecture-for-SNNs/code/power/power_v2/LIB' is not used in the current design.  (LNK-039)
Information: Module 'DW01_add_J16_D3_D34_D1' in file '/storage/e19129/projects/neuromorphic/e17-4yp-Neuromorphic-NoC-Architecture-for-SNNs/code/power/power_v2/LIB' is not used in the current design.  (LNK-039)
Information: Module 'DW_inc_J16_D3_D35_D1' in file '/storage/e19129/projects/neuromorphic/e17-4yp-Neuromorphic-NoC-Architecture-for-SNNs/code/power/power_v2/LIB' is not used in the current design.  (LNK-039)
Information: Module 'DW_inc_J16_D3_D36_D1' in file '/storage/e19129/projects/neuromorphic/e17-4yp-Neuromorphic-NoC-Architecture-for-SNNs/code/power/power_v2/LIB' is not used in the current design.  (LNK-039)
Information: Module 'DW_div_uns_a_width32_b_width32_J17_D2' in file '/storage/e19129/projects/neuromorphic/e17-4yp-Neuromorphic-NoC-Architecture-for-SNNs/code/power/power_v2/LIB' is not used in the current design.  (LNK-039)
Information: Module 'DW_div_a_width32_b_width32_tc_mode0_rem_mode1_J17_D3_D2' in file '/storage/e19129/projects/neuromorphic/e17-4yp-Neuromorphic-NoC-Architecture-for-SNNs/code/power/power_v2/LIB' is not used in the current design.  (LNK-039)
Information: Module 'DW01_add_J17_D3_D3_D1' in file '/storage/e19129/projects/neuromorphic/e17-4yp-Neuromorphic-NoC-Architecture-for-SNNs/code/power/power_v2/LIB' is not used in the current design.  (LNK-039)
Information: Module 'DW01_add_J17_D3_D4_D1' in file '/storage/e19129/projects/neuromorphic/e17-4yp-Neuromorphic-NoC-Architecture-for-SNNs/code/power/power_v2/LIB' is not used in the current design.  (LNK-039)
Information: Module 'DW01_add_J17_D3_D5_D1' in file '/storage/e19129/projects/neuromorphic/e17-4yp-Neuromorphic-NoC-Architecture-for-SNNs/code/power/power_v2/LIB' is not used in the current design.  (LNK-039)
Information: Module 'DW01_add_J17_D3_D6_D1' in file '/storage/e19129/projects/neuromorphic/e17-4yp-Neuromorphic-NoC-Architecture-for-SNNs/code/power/power_v2/LIB' is not used in the current design.  (LNK-039)
Information: Module 'DW01_add_J17_D3_D7_D1' in file '/storage/e19129/projects/neuromorphic/e17-4yp-Neuromorphic-NoC-Architecture-for-SNNs/code/power/power_v2/LIB' is not used in the current design.  (LNK-039)
Information: Module 'DW01_add_J17_D3_D8_D1' in file '/storage/e19129/projects/neuromorphic/e17-4yp-Neuromorphic-NoC-Architecture-for-SNNs/code/power/power_v2/LIB' is not used in the current design.  (LNK-039)
Information: Module 'DW01_add_J17_D3_D9_D1' in file '/storage/e19129/projects/neuromorphic/e17-4yp-Neuromorphic-NoC-Architecture-for-SNNs/code/power/power_v2/LIB' is not used in the current design.  (LNK-039)
Information: Module 'DW01_add_J17_D3_D10_D1' in file '/storage/e19129/projects/neuromorphic/e17-4yp-Neuromorphic-NoC-Architecture-for-SNNs/code/power/power_v2/LIB' is not used in the current design.  (LNK-039)
Information: Module 'DW01_add_J17_D3_D11_D1' in file '/storage/e19129/projects/neuromorphic/e17-4yp-Neuromorphic-NoC-Architecture-for-SNNs/code/power/power_v2/LIB' is not used in the current design.  (LNK-039)
Information: Module 'DW01_add_J17_D3_D12_D1' in file '/storage/e19129/projects/neuromorphic/e17-4yp-Neuromorphic-NoC-Architecture-for-SNNs/code/power/power_v2/LIB' is not used in the current design.  (LNK-039)
Information: Module 'DW01_add_J17_D3_D13_D1' in file '/storage/e19129/projects/neuromorphic/e17-4yp-Neuromorphic-NoC-Architecture-for-SNNs/code/power/power_v2/LIB' is not used in the current design.  (LNK-039)
Information: Module 'DW01_add_J17_D3_D14_D1' in file '/storage/e19129/projects/neuromorphic/e17-4yp-Neuromorphic-NoC-Architecture-for-SNNs/code/power/power_v2/LIB' is not used in the current design.  (LNK-039)
Information: Module 'DW01_add_J17_D3_D15_D1' in file '/storage/e19129/projects/neuromorphic/e17-4yp-Neuromorphic-NoC-Architecture-for-SNNs/code/power/power_v2/LIB' is not used in the current design.  (LNK-039)
Information: Module 'DW01_add_J17_D3_D16_D1' in file '/storage/e19129/projects/neuromorphic/e17-4yp-Neuromorphic-NoC-Architecture-for-SNNs/code/power/power_v2/LIB' is not used in the current design.  (LNK-039)
Information: Module 'DW01_add_J17_D3_D17_D1' in file '/storage/e19129/projects/neuromorphic/e17-4yp-Neuromorphic-NoC-Architecture-for-SNNs/code/power/power_v2/LIB' is not used in the current design.  (LNK-039)
Information: Module 'DW01_add_J17_D3_D18_D1' in file '/storage/e19129/projects/neuromorphic/e17-4yp-Neuromorphic-NoC-Architecture-for-SNNs/code/power/power_v2/LIB' is not used in the current design.  (LNK-039)
Information: Module 'DW01_add_J17_D3_D19_D1' in file '/storage/e19129/projects/neuromorphic/e17-4yp-Neuromorphic-NoC-Architecture-for-SNNs/code/power/power_v2/LIB' is not used in the current design.  (LNK-039)
Information: Module 'DW01_add_J17_D3_D20_D1' in file '/storage/e19129/projects/neuromorphic/e17-4yp-Neuromorphic-NoC-Architecture-for-SNNs/code/power/power_v2/LIB' is not used in the current design.  (LNK-039)
Information: Module 'DW01_add_J17_D3_D21_D1' in file '/storage/e19129/projects/neuromorphic/e17-4yp-Neuromorphic-NoC-Architecture-for-SNNs/code/power/power_v2/LIB' is not used in the current design.  (LNK-039)
Information: Module 'DW01_add_J17_D3_D22_D1' in file '/storage/e19129/projects/neuromorphic/e17-4yp-Neuromorphic-NoC-Architecture-for-SNNs/code/power/power_v2/LIB' is not used in the current design.  (LNK-039)
Information: Module 'DW01_add_J17_D3_D23_D1' in file '/storage/e19129/projects/neuromorphic/e17-4yp-Neuromorphic-NoC-Architecture-for-SNNs/code/power/power_v2/LIB' is not used in the current design.  (LNK-039)
Information: Module 'DW01_add_J17_D3_D24_D1' in file '/storage/e19129/projects/neuromorphic/e17-4yp-Neuromorphic-NoC-Architecture-for-SNNs/code/power/power_v2/LIB' is not used in the current design.  (LNK-039)
Information: Module 'DW01_add_J17_D3_D25_D1' in file '/storage/e19129/projects/neuromorphic/e17-4yp-Neuromorphic-NoC-Architecture-for-SNNs/code/power/power_v2/LIB' is not used in the current design.  (LNK-039)
Information: Module 'DW01_add_J17_D3_D26_D1' in file '/storage/e19129/projects/neuromorphic/e17-4yp-Neuromorphic-NoC-Architecture-for-SNNs/code/power/power_v2/LIB' is not used in the current design.  (LNK-039)
Information: Module 'DW01_add_J17_D3_D27_D1' in file '/storage/e19129/projects/neuromorphic/e17-4yp-Neuromorphic-NoC-Architecture-for-SNNs/code/power/power_v2/LIB' is not used in the current design.  (LNK-039)
Information: Module 'DW01_add_J17_D3_D28_D1' in file '/storage/e19129/projects/neuromorphic/e17-4yp-Neuromorphic-NoC-Architecture-for-SNNs/code/power/power_v2/LIB' is not used in the current design.  (LNK-039)
Information: Module 'DW01_add_J17_D3_D29_D1' in file '/storage/e19129/projects/neuromorphic/e17-4yp-Neuromorphic-NoC-Architecture-for-SNNs/code/power/power_v2/LIB' is not used in the current design.  (LNK-039)
Information: Module 'DW01_add_J17_D3_D30_D1' in file '/storage/e19129/projects/neuromorphic/e17-4yp-Neuromorphic-NoC-Architecture-for-SNNs/code/power/power_v2/LIB' is not used in the current design.  (LNK-039)
Information: Module 'DW01_add_J17_D3_D31_D1' in file '/storage/e19129/projects/neuromorphic/e17-4yp-Neuromorphic-NoC-Architecture-for-SNNs/code/power/power_v2/LIB' is not used in the current design.  (LNK-039)
Information: Module 'DW01_add_J17_D3_D32_D1' in file '/storage/e19129/projects/neuromorphic/e17-4yp-Neuromorphic-NoC-Architecture-for-SNNs/code/power/power_v2/LIB' is not used in the current design.  (LNK-039)
Information: Module 'DW01_add_J17_D3_D33_D1' in file '/storage/e19129/projects/neuromorphic/e17-4yp-Neuromorphic-NoC-Architecture-for-SNNs/code/power/power_v2/LIB' is not used in the current design.  (LNK-039)
Information: Module 'DW_div_tc_a_width32_b_width32_J22_D2' in file '/storage/e19129/projects/neuromorphic/e17-4yp-Neuromorphic-NoC-Architecture-for-SNNs/code/power/power_v2/LIB' is not used in the current design.  (LNK-039)
Information: Module 'DW_div_a_width32_b_width32_tc_mode1_rem_mode1_J22_D3_D2' in file '/storage/e19129/projects/neuromorphic/e17-4yp-Neuromorphic-NoC-Architecture-for-SNNs/code/power/power_v2/LIB' is not used in the current design.  (LNK-039)
Information: Module 'DW01_absval_width32_J22_D3_D3_D2' in file '/storage/e19129/projects/neuromorphic/e17-4yp-Neuromorphic-NoC-Architecture-for-SNNs/code/power/power_v2/LIB' is not used in the current design.  (LNK-039)
Information: Module 'DW01_inc_J22_D3_D3_D3_D1' in file '/storage/e19129/projects/neuromorphic/e17-4yp-Neuromorphic-NoC-Architecture-for-SNNs/code/power/power_v2/LIB' is not used in the current design.  (LNK-039)
Information: Module 'DW01_add_J22_D3_D4_D1' in file '/storage/e19129/projects/neuromorphic/e17-4yp-Neuromorphic-NoC-Architecture-for-SNNs/code/power/power_v2/LIB' is not used in the current design.  (LNK-039)
Information: Module 'DW01_add_J22_D3_D5_D1' in file '/storage/e19129/projects/neuromorphic/e17-4yp-Neuromorphic-NoC-Architecture-for-SNNs/code/power/power_v2/LIB' is not used in the current design.  (LNK-039)
Information: Module 'DW01_add_J22_D3_D6_D1' in file '/storage/e19129/projects/neuromorphic/e17-4yp-Neuromorphic-NoC-Architecture-for-SNNs/code/power/power_v2/LIB' is not used in the current design.  (LNK-039)
Information: Module 'DW01_add_J22_D3_D7_D1' in file '/storage/e19129/projects/neuromorphic/e17-4yp-Neuromorphic-NoC-Architecture-for-SNNs/code/power/power_v2/LIB' is not used in the current design.  (LNK-039)
Information: Module 'DW01_add_J22_D3_D8_D1' in file '/storage/e19129/projects/neuromorphic/e17-4yp-Neuromorphic-NoC-Architecture-for-SNNs/code/power/power_v2/LIB' is not used in the current design.  (LNK-039)
Information: Module 'DW01_add_J22_D3_D9_D1' in file '/storage/e19129/projects/neuromorphic/e17-4yp-Neuromorphic-NoC-Architecture-for-SNNs/code/power/power_v2/LIB' is not used in the current design.  (LNK-039)
Information: Module 'DW01_add_J22_D3_D10_D1' in file '/storage/e19129/projects/neuromorphic/e17-4yp-Neuromorphic-NoC-Architecture-for-SNNs/code/power/power_v2/LIB' is not used in the current design.  (LNK-039)
Information: Module 'DW01_add_J22_D3_D11_D1' in file '/storage/e19129/projects/neuromorphic/e17-4yp-Neuromorphic-NoC-Architecture-for-SNNs/code/power/power_v2/LIB' is not used in the current design.  (LNK-039)
Information: Module 'DW01_add_J22_D3_D12_D1' in file '/storage/e19129/projects/neuromorphic/e17-4yp-Neuromorphic-NoC-Architecture-for-SNNs/code/power/power_v2/LIB' is not used in the current design.  (LNK-039)
Information: Module 'DW01_add_J22_D3_D13_D1' in file '/storage/e19129/projects/neuromorphic/e17-4yp-Neuromorphic-NoC-Architecture-for-SNNs/code/power/power_v2/LIB' is not used in the current design.  (LNK-039)
Information: Module 'DW01_add_J22_D3_D14_D1' in file '/storage/e19129/projects/neuromorphic/e17-4yp-Neuromorphic-NoC-Architecture-for-SNNs/code/power/power_v2/LIB' is not used in the current design.  (LNK-039)
Information: Module 'DW01_add_J22_D3_D15_D1' in file '/storage/e19129/projects/neuromorphic/e17-4yp-Neuromorphic-NoC-Architecture-for-SNNs/code/power/power_v2/LIB' is not used in the current design.  (LNK-039)
Information: Module 'DW01_add_J22_D3_D16_D1' in file '/storage/e19129/projects/neuromorphic/e17-4yp-Neuromorphic-NoC-Architecture-for-SNNs/code/power/power_v2/LIB' is not used in the current design.  (LNK-039)
Information: Module 'DW01_add_J22_D3_D17_D1' in file '/storage/e19129/projects/neuromorphic/e17-4yp-Neuromorphic-NoC-Architecture-for-SNNs/code/power/power_v2/LIB' is not used in the current design.  (LNK-039)
Information: Module 'DW01_add_J22_D3_D18_D1' in file '/storage/e19129/projects/neuromorphic/e17-4yp-Neuromorphic-NoC-Architecture-for-SNNs/code/power/power_v2/LIB' is not used in the current design.  (LNK-039)
Information: Module 'DW01_add_J22_D3_D19_D1' in file '/storage/e19129/projects/neuromorphic/e17-4yp-Neuromorphic-NoC-Architecture-for-SNNs/code/power/power_v2/LIB' is not used in the current design.  (LNK-039)
Information: Module 'DW01_add_J22_D3_D20_D1' in file '/storage/e19129/projects/neuromorphic/e17-4yp-Neuromorphic-NoC-Architecture-for-SNNs/code/power/power_v2/LIB' is not used in the current design.  (LNK-039)
Information: Module 'DW01_add_J22_D3_D21_D1' in file '/storage/e19129/projects/neuromorphic/e17-4yp-Neuromorphic-NoC-Architecture-for-SNNs/code/power/power_v2/LIB' is not used in the current design.  (LNK-039)
Information: Module 'DW01_add_J22_D3_D22_D1' in file '/storage/e19129/projects/neuromorphic/e17-4yp-Neuromorphic-NoC-Architecture-for-SNNs/code/power/power_v2/LIB' is not used in the current design.  (LNK-039)
Information: Module 'DW01_add_J22_D3_D23_D1' in file '/storage/e19129/projects/neuromorphic/e17-4yp-Neuromorphic-NoC-Architecture-for-SNNs/code/power/power_v2/LIB' is not used in the current design.  (LNK-039)
Information: Module 'DW01_add_J22_D3_D24_D1' in file '/storage/e19129/projects/neuromorphic/e17-4yp-Neuromorphic-NoC-Architecture-for-SNNs/code/power/power_v2/LIB' is not used in the current design.  (LNK-039)
Note - message 'LNK-039' default limit (100) exceeded.  Remainder will be suppressed.
Information: 100 (74.63%) library cells are unused in library NangateOpenCellLibrary..... (LNK-045)
Information: total 100 library cells are unused (LNK-046)
Warning: Some timing arcs have been disabled for breaking timing loops or because of constant propagation. Use the 'report_disable_timing' command to get the list of these disabled timing arcs. (PTE-003)
Design 'mesh' was successfully linked.
Information: There are 2504741 leaf cells, ports, hiers and 3927097 nets in the design (LNK-047)
Error: Invalid xref data found during import
Error: 0
	Use error_info for more info. (CMD-013)
Information: script 'restore_new.tcl'
	stopped at line 6 due to error. (CMD-081)
Extended error info:
0
    while executing
"rtl_xref -import $xref_fname"
    (procedure "import_xref_data" line 50)
    invoked from within
"import_xref_data $tz_output $design_name"
    (procedure "read_design_data" line 193)
    invoked from within
"read_design_data RTLA_WORKSPACE"
    (file "restore_new.tcl" line 6)
 -- End Extended Error Info
pwr_shell> 